-14125 -37797.1 -181.346 -1209.02
-181.346 -1209.02 -105.165 -1279.41
-105.165 -1279.41 -49.0483 -1665.7
-49.0483 -1665.7 -25.9336 -2156.35
-25.9336 -2156.35 -17.9052 -2914.87
-17.9052 -2914.87 -12.9254 -3263.64
-12.9254 -3263.64 -8.27357 -3367.52
-8.27357 -3367.52 -7.60558 -3502.88
-7.60558 -3502.88 -5.86885 -3652.3
-5.86885 -3652.3 -3.49317 -3685.34
-3.49317 -3685.34 -4.05443 -3709.94
-4.05443 -3709.94 -3.34597 -2958.32
-3.34597 -2958.32 -2.40041 -2828.34
-2.40041 -2828.34 -2.35984 -3058.7
-2.35984 -3058.7 -1.60732 -2615.37
-1.60732 -2615.37 -0.876385 -2460.72
-0.876385 -2460.72 -0.611408 -2521.88
-0.611408 -2521.88 -0.5837 -2316.63
-0.5837 -2316.63 -0.515706 -2018.84
-0.515706 -2018.84 -0.647885 -1761.91
-0.647885 -1761.91 -0.985163 -1609.68
-0.985163 -1609.68 -1.62967 -1272.13
-1.62967 -1272.13 -2.34063 -1005.53
-2.34063 -1005.53 -2.9507 -994.746
-2.9507 -994.746 -3.48936 -944.669
-3.48936 -944.669 -4.59952 -706.27
-4.59952 -706.27 -6.99246 -520.671
-6.99246 -520.671 -10.6922 -426.171
-10.6922 -426.171 -17.038 -242.488
-17.038 -242.488 -26.4116 -173.916
-26.4116 -173.916 -31.0425 -112.557
-31.0425 -112.557 -41.6498 -67.7304
-41.6498 -67.7304 -61.0546 -53.8644
-61.0546 -53.8644 -84.782 -55.4978
-84.782 -55.4978 -121.003 -29.1628
-121.003 -29.1628 -158.757 -15.8064
-158.757 -15.8064 -165.219 -11.6515
-165.219 -11.6515 -126.017 -7.98693
-126.017 -7.98693 -170.024 -6.60999
-170.024 -6.60999 -190.806 -5.88256
-190.806 -5.88256 -159.333 -4.70906
-159.333 -4.70906 -202.883 -3.86912
-202.883 -3.86912 -201.502 -3.55041
-201.502 -3.55041 -189.752 -3.74231
-189.752 -3.74231 -216.83 -3.68452
-216.83 -3.68452 -246.635 -3.32462
-246.635 -3.32462 -241.109 -2.98858
-241.109 -2.98858 -302.916 -2.71789
-302.916 -2.71789 -313.028 -2.71601
-313.028 -2.71601 -321.504 -2.514
-321.504 -2.514 -380.999 -2.26569
-380.999 -2.26569 -361.043 -2.08781
-361.043 -2.08781 -295.972 -1.78615
-295.972 -1.78615 -272.453 -1.87887
-272.453 -1.87887 -291.56 -1.69339
-291.56 -1.69339 -269.809 -0.988074
-269.809 -0.988074 -251.464 -0.574647
-251.464 -0.574647 -243.308 -0.527773
-243.308 -0.527773 -200.358 -0.419437
-200.358 -0.419437 -201.313 -0.441229
-201.313 -0.441229 -195.349 -0.474841
-195.349 -0.474841 -146.583 -0.514793
-146.583 -0.514793 -138.214 -0.687105
-138.214 -0.687105 -118.727 -0.641635
-118.727 -0.641635 -89.6018 -0.592592
-89.6018 -0.592592 -62.8586 -0.585901
-62.8586 -0.585901 -51.7721 -0.769947
-51.7721 -0.769947 -42.387 -0.738564
-42.387 -0.738564 -34.6399 -0.484044
-34.6399 -0.484044 -33.7174 -0.430228
-33.7174 -0.430228 -28.3771 -0.389109
-28.3771 -0.389109 -22.6003 -0.282074
-22.6003 -0.282074 -19.8839 -0.170525
-19.8839 -0.170525 -13.4904 -0.151644
-13.4904 -0.151644 -9.52277 -0.12072
-9.52277 -0.12072 -8.14866 -0.105235
-8.14866 -0.105235 -7.18332 -0.0618832
-7.18332 -0.0618832 -5.74175 -0.0340984
-5.74175 -0.0340984 -4.4289 -0.0234399
-4.4289 -0.0234399 -3.43324 -0.0198305
-3.43324 -0.0198305 -2.96584 -0.0126648
-2.96584 -0.0126648 -2.26379 -0.00652661
-2.26379 -0.00652661 -1.33952 -0.00327313
-1.33952 -0.00327313 -0.953572 -0.00190815
-0.953572 -0.00190815 -0.590632 -0.00137673
-0.590632 -0.00137673 -0.329201 -0.00130941
-0.329201 -0.00130941 -0.170331 -0.000979565
-0.170331 -0.000979565 -0.106699 -0.000867963
-0.106699 -0.000867963 -0.079677 -0.000846451
-0.079677 -0.000846451 -0.0491409 -0.000459109
-0.0491409 -0.000459109 -0.0201013 -0.000392161
-0.0201013 -0.000392161 -0.011027 -0.000328671
-0.011027 -0.000328671 -0.00579596 -0.000115849
-0.00579596 -0.000115849 -0.00486679 -0.000111768
-0.00486679 -0.000111768 -0.00150126 -0.000144877
-0.00150126 -0.000144877 -0.000842944 -0.000231244
-0.000842944 -0.000231244 -0.00125222 -0.000172888
-0.00125222 -0.000172888 -0.000465782 -5.72663e-05
-0.000465782 -5.72663e-05 -0.000372269 -6.54785e-05
-0.000372269 -6.54785e-05 -0.000485509 -0.000120981
-0.000485509 -0.000120981 -0.000411404 -0.000120464
-0.000411404 -0.000120464 -0.000476153 -0.000121298
-0.000476153 -0.000121298 -0.000684975 -0.000190208
-0.000684975 -0.000190208 -0.000665457 -0.000148299
-0.000665457 -0.000148299 -0.00114031 -0.000370981
-0.00114031 -0.000370981 -0.000920569 -0.000353913
-0.000920569 -0.000353913 -0.000885882 -0.000208092
-0.000885882 -0.000208092 -0.00113799 -0.000802246
-0.00113799 -0.000802246 -0.00144257 -0.00184608
-0.00144257 -0.00184608 -0.000962388 -0.000671858
-0.000962388 -0.000671858 -0.00025084 -0.000434273
-0.00025084 -0.000434273 -6.85719e-05 -0.00257149
-6.85719e-05 -0.00257149 -0.000108877 -0.00552457
-0.000108877 -0.00552457 -5.53958e-05 -0.00405385
-5.53958e-05 -0.00405385 -4.3015e-05 -0.00472193
-4.3015e-05 -0.00472193 -2.17596e-06 -0.00409338
-2.17596e-06 -0.00409338 -7.00331e-07 -0.00336966
-7.00331e-07 -0.00336966 -4.54654e-05 -0.0128338
-4.54654e-05 -0.0128338 -4.5433e-05 -0.120899
-4.5433e-05 -0.120899 -4.73082e-05 -0.248643
-4.73082e-05 -0.248643 -2.3148e-05 -0.897255
-2.3148e-05 -0.897255 -9.03551e-05 -5.62656
-9.03551e-05 -5.62656 -9.56784e-05 -8.32292
-9.56784e-05 -8.32292 -4.48352e-05 -13.9447
-4.48352e-05 -13.9447 -4.13345e-05 -43.6631
-4.13345e-05 -43.6631 -6.16927e-06 -54.8246
-6.16927e-06 -54.8246 -2.84977e-07 -55.2469
-2.84977e-07 -55.2469 -1.21705e-06 -70.8022
-1.21705e-06 -70.8022 -1.45003e-05 -96.6636
-1.45003e-05 -96.6636 -0.000326683 -215.982
-0.000326683 -215.982 -0.00328387 -300.231
-0.00328387 -300.231 -0.0125635 -343.329
-0.0125635 -343.329 -0.0429186 -737.291
-0.0429186 -737.291 -0.0618022 -1027.67
-0.0618022 -1027.67 -0.171489 -962.333
-0.171489 -962.333 -0.516469 -1449.21
-0.516469 -1449.21 -0.287326 -1439.43
-0.287326 -1439.43 -0.973386 -1614.43
-0.973386 -1614.43 -3.23902 -1985.94
-3.23902 -1985.94 -6.54555 -2680.33
-6.54555 -2680.33 -56.9707 -2969.5
-56.9707 -2969.5 -213.705 -4515.7
-213.705 -4515.7 -667.138 -8078.47
-667.138 -8078.47 -1449.21 -8821.89
-1449.21 -8821.89 -1905.33 -9335.57
-1905.33 -9335.57 -3457.18 -20461
-3457.18 -20461 -9621.07 -44849.3
-9621.07 -44849.3 -30852.1 -80155.6
-30852.1 -80155.6 -110611 -118224
-110611 -118224 -195630 -118219
-195630 -118219 -367223 -142850
-367223 -142850 -670473 -221234
-670473 -221234 -1.27029e+06 -227889
-1.27029e+06 -227889 -1.79555e+06 -245028
-1.79555e+06 -245028 -3.65452e+06 -443266
-3.65452e+06 -443266 -1.11871e+07 -508068
-1.11871e+07 -508068 -1.70588e+07 -813513
-1.70588e+07 -813513 -4.62594e+07 -1.99485e+06
-4.62594e+07 -1.99485e+06 -7.28091e+07 -3.41923e+06
-7.28091e+07 -3.41923e+06 -1.26494e+08 -5.57584e+06
-1.26494e+08 -5.57584e+06 -3.881e+08 -8.21773e+06
-3.881e+08 -8.21773e+06 -6.70688e+08 -1.86575e+07
-6.70688e+08 -1.86575e+07 -9.94212e+08 -3.94544e+07
-9.94212e+08 -3.94544e+07 -2.34607e+09 -6.34569e+07
-2.34607e+09 -6.34569e+07 -3.91241e+09 -1.75664e+08
-3.91241e+09 -1.75664e+08 -8.22065e+09 -4.71943e+08
-8.22065e+09 -4.71943e+08 -1.05368e+10 -1.40331e+09
-1.05368e+10 -1.40331e+09 -1.62906e+10 -4.56069e+09
-1.62906e+10 -4.56069e+09 -2.26142e+10 -1.01294e+10
-2.26142e+10 -1.01294e+10 -3.46265e+10 -1.53636e+10
-3.46265e+10 -1.53636e+10 -4.48678e+10 -3.22589e+10
-4.48678e+10 -3.22589e+10 -5.2736e+10 -6.36249e+10
-5.2736e+10 -6.36249e+10 -6.47821e+10 -1.05805e+11
-6.47821e+10 -1.05805e+11 -8.43055e+10 -2.21399e+11
-8.43055e+10 -2.21399e+11 -1.36914e+11 -5.19545e+11
-1.36914e+11 -5.19545e+11 -4.30306e+11 -1.08929e+12
-4.30306e+11 -1.08929e+12 -1.25203e+12 -2.15758e+12
-1.25203e+12 -2.15758e+12 -1.88961e+12 -2.95408e+12
-1.88961e+12 -2.95408e+12 -8.2251e+12 -4.26123e+12
-8.2251e+12 -4.26123e+12 -2.78933e+13 -8.65636e+12
-2.78933e+13 -8.65636e+12 -6.22518e+13 -1.08852e+13
-6.22518e+13 -1.08852e+13 -5.55714e+14 -2.77558e+13
-5.55714e+14 -2.77558e+13 -1.77473e+15 -1.41969e+14
-1.77473e+15 -1.41969e+14 -2.74102e+15 -2.40205e+14
-2.74102e+15 -2.40205e+14 -8.78438e+15 -5.90752e+14
-8.78438e+15 -5.90752e+14 -4.90283e+16 -1.49243e+15
-4.90283e+16 -1.49243e+15 -1.03058e+17 -1.81417e+15
-1.03058e+17 -1.81417e+15 -2.31722e+17 -2.67979e+15
-2.31722e+17 -2.67979e+15 -5.4868e+17 -5.70792e+15
-5.4868e+17 -5.70792e+15 -7.9924e+17 -6.91238e+15
-7.9924e+17 -6.91238e+15 -1.51624e+18 -1.21969e+16
-1.51624e+18 -1.21969e+16 -3.34657e+18 -3.37256e+16
-3.34657e+18 -3.37256e+16 -4.76585e+18 -4.45399e+16
-4.76585e+18 -4.45399e+16 -8.72783e+18 -8.73287e+16
-8.72783e+18 -8.73287e+16 -2.04527e+19 -1.85645e+17
-2.04527e+19 -1.85645e+17 -2.6848e+19 -2.03407e+17
-2.6848e+19 -2.03407e+17 -4.18928e+19 -2.76469e+17
-4.18928e+19 -2.76469e+17 -5.70579e+19 -5.24885e+17
-5.70579e+19 -5.24885e+17 -6.62891e+19 -5.53657e+17
-6.62891e+19 -5.53657e+17 -8.46743e+19 -8.0645e+17
-8.46743e+19 -8.0645e+17 -1.19716e+20 -1.57416e+18
-1.19716e+20 -1.57416e+18 -1.30054e+20 -1.82248e+18
-1.30054e+20 -1.82248e+18 -1.63756e+20 -2.77395e+18
-1.63756e+20 -2.77395e+18 -2.38922e+20 -4.56412e+18
-2.38922e+20 -4.56412e+18 -2.74427e+20 -5.83108e+18
-2.74427e+20 -5.83108e+18 -3.9553e+20 -8.87229e+18
-3.9553e+20 -8.87229e+18 -5.08625e+20 -1.48385e+19
-5.08625e+20 -1.48385e+19 -5.45963e+20 -1.66317e+19
-5.45963e+20 -1.66317e+19 -6.52819e+20 -2.94324e+19
-6.52819e+20 -2.94324e+19 -8.56334e+20 -4.07744e+19
-8.56334e+20 -4.07744e+19 -7.77132e+20 -4.35771e+19
-7.77132e+20 -4.35771e+19 -7.97269e+20 -5.41903e+19
-7.97269e+20 -5.41903e+19 -8.23226e+20 -6.91139e+19
-8.23226e+20 -6.91139e+19 -6.62294e+20 -6.83279e+19
-6.62294e+20 -6.83279e+19 -5.71209e+20 -7.06506e+19
-5.71209e+20 -7.06506e+19 -6.51962e+20 -9.15307e+19
-6.51962e+20 -9.15307e+19 -5.18064e+20 -8.78403e+19
-5.18064e+20 -8.78403e+19 -4.26666e+20 -9.0207e+19
-4.26666e+20 -9.0207e+19 -4.31269e+20 -1.16877e+20
-4.31269e+20 -1.16877e+20 -3.71302e+20 -1.13532e+20
-3.71302e+20 -1.13532e+20 -3.38776e+20 -1.1357e+20
-3.38776e+20 -1.1357e+20 -3.07477e+20 -1.37087e+20
-3.07477e+20 -1.37087e+20 -2.55372e+20 -1.32927e+20
-2.55372e+20 -1.32927e+20 -2.08358e+20 -1.18466e+20
-2.08358e+20 -1.18466e+20 -1.85749e+20 -1.23029e+20
-1.85749e+20 -1.23029e+20 -1.43519e+20 -1.09392e+20
-1.43519e+20 -1.09392e+20 -1.14907e+20 -9.25463e+19
-1.14907e+20 -9.25463e+19 -1.02696e+20 -8.65205e+19
-1.02696e+20 -8.65205e+19 -8.16598e+19 -7.10455e+19
-8.16598e+19 -7.10455e+19 -6.82706e+19 -5.50959e+19
-6.82706e+19 -5.50959e+19 -6.05421e+19 -5.03915e+19
-6.05421e+19 -5.03915e+19 -5.11891e+19 -4.13916e+19
-5.11891e+19 -4.13916e+19 -3.92626e+19 -2.37971e+19
-3.92626e+19 -2.37971e+19 -3.58538e+19 -1.81305e+19
-3.58538e+19 -1.81305e+19 -2.69561e+19 -1.28777e+19
-2.69561e+19 -1.28777e+19 -1.76656e+19 -7.28482e+18
-1.76656e+19 -7.28482e+18 -1.46877e+19 -5.50665e+18
-1.46877e+19 -5.50665e+18 -8.76509e+18 -3.74202e+18
-8.76509e+18 -3.74202e+18 -6.57143e+18 -2.19055e+18
-6.57143e+18 -2.19055e+18 -5.78866e+18 -1.82718e+18
-5.78866e+18 -1.82718e+18 -4.37993e+18 -1.07294e+18
-4.37993e+18 -1.07294e+18 -3.12678e+18 -6.93681e+17
-3.12678e+18 -6.93681e+17 -3.2884e+18 -5.60373e+17
-3.2884e+18 -5.60373e+17 -2.92842e+18 -3.7019e+17
-2.92842e+18 -3.7019e+17 -2.30452e+18 -2.18188e+17
-2.30452e+18 -2.18188e+17 -2.28539e+18 -1.92084e+17
-2.28539e+18 -1.92084e+17 -2.09625e+18 -1.23588e+17
-2.09625e+18 -1.23588e+17 -1.38556e+18 -5.3191e+16
-1.38556e+18 -5.3191e+16 -1.42406e+18 -5.07577e+16
-1.42406e+18 -5.07577e+16 -1.12642e+18 -4.02143e+16
-1.12642e+18 -4.02143e+16 -8.47175e+17 -1.93108e+16
-8.47175e+17 -1.93108e+16 -6.9755e+17 -2.19993e+16
-6.9755e+17 -2.19993e+16 -4.09328e+17 -2.69547e+16
-4.09328e+17 -2.69547e+16 -3.28698e+17 -1.37181e+16
-3.28698e+17 -1.37181e+16 -3.2461e+17 -1.27415e+16
-3.2461e+17 -1.27415e+16 -2.64807e+17 -1.64789e+16
-2.64807e+17 -1.64789e+16 -2.3856e+17 -1.98639e+16
-2.3856e+17 -1.98639e+16 -2.20078e+17 -2.69626e+16
-2.20078e+17 -2.69626e+16 -1.9972e+17 -4.07099e+16
-1.9972e+17 -4.07099e+16 -2.09426e+17 -7.91048e+16
-2.09426e+17 -7.91048e+16 -1.72663e+17 -1.2827e+17
-1.72663e+17 -1.2827e+17 -1.40966e+17 -2.09786e+17
-1.40966e+17 -2.09786e+17 -1.3177e+17 -2.85222e+17
-1.3177e+17 -2.85222e+17 -1.25939e+17 -3.83465e+17
-1.25939e+17 -3.83465e+17 -7.51312e+16 -5.8076e+17
-7.51312e+16 -5.8076e+17 -5.99709e+16 -9.26713e+17
-5.99709e+16 -9.26713e+17 -4.66531e+16 -1.44015e+18
-4.66531e+16 -1.44015e+18 -2.91713e+16 -2.15626e+18
-2.91713e+16 -2.15626e+18 -2.54349e+16 -3.11624e+18
-2.54349e+16 -3.11624e+18 -1.63267e+16 -4.31023e+18
-1.63267e+16 -4.31023e+18 -1.05634e+16 -8.14327e+18
-1.05634e+16 -8.14327e+18 -7.03284e+15 -1.13587e+19
-7.03284e+15 -1.13587e+19 -4.45391e+15 -1.63662e+19
-4.45391e+15 -1.63662e+19 -6.30603e+15 -3.02995e+19
-6.30603e+15 -3.02995e+19 -3.67284e+15 -3.67138e+19
-3.67284e+15 -3.67138e+19 -2.55873e+15 -4.7936e+19
-2.55873e+15 -4.7936e+19 -3.40105e+15 -6.31354e+19
-3.40105e+15 -6.31354e+19 -2.38178e+15 -6.80764e+19
-2.38178e+15 -6.80764e+19 -1.84414e+15 -8.0268e+19
-1.84414e+15 -8.0268e+19 -2.01651e+15 -1.01761e+20
-2.01651e+15 -1.01761e+20 -1.67487e+15 -1.0334e+20
-1.67487e+15 -1.0334e+20 -1.87513e+15 -1.11636e+20
-1.87513e+15 -1.11636e+20 -3.60998e+15 -1.28715e+20
-3.60998e+15 -1.28715e+20 -3.61428e+15 -1.30516e+20
-3.61428e+15 -1.30516e+20 -4.41504e+15 -1.37799e+20
-4.41504e+15 -1.37799e+20 -1.10912e+16 -1.67e+20
-1.10912e+16 -1.67e+20 -8.66186e+15 -1.71354e+20
-8.66186e+15 -1.71354e+20 -1.22642e+16 -1.82168e+20
-1.22642e+16 -1.82168e+20 -2.84038e+16 -2.26152e+20
-2.84038e+16 -2.26152e+20 -3.4293e+16 -2.21842e+20
-3.4293e+16 -2.21842e+20 -4.06955e+16 -2.43732e+20
-4.06955e+16 -2.43732e+20 -5.75564e+16 -2.99851e+20
-5.75564e+16 -2.99851e+20 -6.79113e+16 -2.9997e+20
-6.79113e+16 -2.9997e+20 -1.11171e+17 -3.47723e+20
-1.11171e+17 -3.47723e+20 -1.6688e+17 -4.71613e+20
-1.6688e+17 -4.71613e+20 -1.50818e+17 -5.01411e+20
-1.50818e+17 -5.01411e+20 -1.89644e+17 -5.53769e+20
-1.89644e+17 -5.53769e+20 -2.22712e+17 -6.61154e+20
-2.22712e+17 -6.61154e+20 -2.47099e+17 -5.86396e+20
-2.47099e+17 -5.86396e+20 -2.63983e+17 -6.68576e+20
-2.63983e+17 -6.68576e+20 -2.48288e+17 -8.5631e+20
-2.48288e+17 -8.5631e+20 -2.81216e+17 -8.16258e+20
-2.81216e+17 -8.16258e+20 -3.15351e+17 -8.41085e+20
-3.15351e+17 -8.41085e+20 -3.52359e+17 -1.02729e+21
-3.52359e+17 -1.02729e+21 -3.95956e+17 -9.83789e+20
-3.95956e+17 -9.83789e+20 -3.5808e+17 -1.02245e+21
-3.5808e+17 -1.02245e+21 -4.42771e+17 -1.18911e+21
-4.42771e+17 -1.18911e+21 -4.76003e+17 -1.12895e+21
-4.76003e+17 -1.12895e+21 -4.47441e+17 -1.12459e+21
-4.47441e+17 -1.12459e+21 -4.73683e+17 -1.43188e+21
-4.73683e+17 -1.43188e+21 -5.139e+17 -1.26046e+21
-5.139e+17 -1.26046e+21 -5.32112e+17 -1.12559e+21
-5.32112e+17 -1.12559e+21 -5.32902e+17 -1.40197e+21
-5.32902e+17 -1.40197e+21 -4.88257e+17 -1.1448e+21
-4.88257e+17 -1.1448e+21 -4.00139e+17 -1.01273e+21
-4.00139e+17 -1.01273e+21 -4.50821e+17 -1.05082e+21
-4.50821e+17 -1.05082e+21 -3.6951e+17 -9.07723e+20
-3.6951e+17 -9.07723e+20 -2.72482e+17 -7.93645e+20
-2.72482e+17 -7.93645e+20 -2.68891e+17 -7.94426e+20
-2.68891e+17 -7.94426e+20 -2.4584e+17 -7.13406e+20
-2.4584e+17 -7.13406e+20 -1.79799e+17 -5.65017e+20
-1.79799e+17 -5.65017e+20 -1.42191e+17 -5.62305e+20
-1.42191e+17 -5.62305e+20 -9.29301e+16 -5.14088e+20
-9.29301e+16 -5.14088e+20 -6.7683e+16 -3.99735e+20
-6.7683e+16 -3.99735e+20 -5.8127e+16 -3.5409e+20
-5.8127e+16 -3.5409e+20 -3.34442e+16 -2.76e+20
-3.34442e+16 -2.76e+20 -2.11474e+16 -2.07991e+20
-2.11474e+16 -2.07991e+20 -1.79668e+16 -1.71039e+20
-1.79668e+16 -1.71039e+20 -1.4861e+16 -1.33962e+20
-1.4861e+16 -1.33962e+20 -1.66295e+16 -1.04648e+20
-1.66295e+16 -1.04648e+20 -1.52397e+16 -9.04185e+19
-1.52397e+16 -9.04185e+19 -1.06358e+16 -7.07381e+19
-1.06358e+16 -7.07381e+19 -1.36207e+16 -5.503e+19
-1.36207e+16 -5.503e+19 -9.86537e+15 -4.76223e+19
-9.86537e+15 -4.76223e+19 -8.3907e+15 -3.37917e+19
-8.3907e+15 -3.37917e+19 -8.39244e+15 -1.69321e+19
-8.39244e+15 -1.69321e+19 -7.89558e+15 -1.34702e+19
-7.89558e+15 -1.34702e+19 -5.27957e+15 -8.02392e+18
-5.27957e+15 -8.02392e+18 -4.09894e+15 -4.38239e+18
-4.09894e+15 -4.38239e+18 -3.45265e+15 -3.41233e+18
-3.45265e+15 -3.41233e+18 -3.02781e+15 -2.14177e+18
-3.02781e+15 -2.14177e+18 -2.73844e+15 -1.10907e+18
-2.73844e+15 -1.10907e+18 -2.1862e+15 -9.41781e+17
-2.1862e+15 -9.41781e+17 -2.07864e+15 -8.8868e+17
-2.07864e+15 -8.8868e+17 -2.06822e+15 -5.1221e+17
-2.06822e+15 -5.1221e+17 -1.88322e+15 -5.27764e+17
-1.88322e+15 -5.27764e+17 -1.84302e+15 -5.39617e+17
-1.84302e+15 -5.39617e+17 -1.0499e+15 -4.4696e+17
-1.0499e+15 -4.4696e+17 -1.14315e+15 -4.10414e+17
-1.14315e+15 -4.10414e+17 -1.18127e+15 -3.76656e+17
-1.18127e+15 -3.76656e+17 -1.06064e+15 -3.43781e+17
-1.06064e+15 -3.43781e+17 -9.37779e+14 -3.05362e+17
-9.37779e+14 -3.05362e+17 -8.3491e+14 -2.86469e+17
-8.3491e+14 -2.86469e+17 -8.25381e+14 -2.86103e+17
-8.25381e+14 -2.86103e+17 -8.31588e+14 -2.77643e+17
-8.31588e+14 -2.77643e+17 -7.97765e+14 -2.79314e+17
-7.97765e+14 -2.79314e+17 -8.01966e+14 -2.93521e+17
-8.01966e+14 -2.93521e+17 -8.19647e+14 -2.96568e+17
-8.19647e+14 -2.96568e+17 -7.56898e+14 -3.21333e+17
-7.56898e+14 -3.21333e+17 -7.03317e+14 -3.38593e+17
-7.03317e+14 -3.38593e+17 -7.01427e+14 -4.10623e+17
-7.01427e+14 -4.10623e+17 -5.1946e+14 -4.26609e+17
-5.1946e+14 -4.26609e+17 -4.6044e+14 -4.45338e+17
-4.6044e+14 -4.45338e+17 -6.30341e+14 -5.1458e+17
-6.30341e+14 -5.1458e+17 -5.64997e+14 -5.29484e+17
-5.64997e+14 -5.29484e+17 -5.93896e+14 -5.32792e+17
-5.93896e+14 -5.32792e+17 -5.41145e+14 -5.72167e+17
-5.41145e+14 -5.72167e+17 -5.18681e+14 -6.59033e+17
-5.18681e+14 -6.59033e+17 -6.15757e+14 -7.02395e+17
-6.15757e+14 -7.02395e+17 -6.39802e+14 -7.85049e+17
-6.39802e+14 -7.85049e+17 -5.92279e+14 -8.89779e+17
-5.92279e+14 -8.89779e+17 -6.11722e+14 -9.36885e+17
-6.11722e+14 -9.36885e+17 -5.45551e+14 -1.04585e+18
-5.45551e+14 -1.04585e+18 -4.98509e+14 -1.20958e+18
-4.98509e+14 -1.20958e+18 -5.83568e+14 -1.51624e+18
-5.83568e+14 -1.51624e+18 -5.86592e+14 -1.62608e+18
-5.86592e+14 -1.62608e+18 -5.8826e+14 -1.86639e+18
-5.8826e+14 -1.86639e+18 -6.40788e+14 -1.94846e+18
-6.40788e+14 -1.94846e+18 -7.39206e+14 -2.04867e+18
-7.39206e+14 -2.04867e+18 -8.04675e+14 -2.23034e+18
-8.04675e+14 -2.23034e+18 -8.24517e+14 -2.41954e+18
-8.24517e+14 -2.41954e+18 -8.87278e+14 -2.62484e+18
-8.87278e+14 -2.62484e+18 -9.7318e+14 -2.8257e+18
-9.7318e+14 -2.8257e+18 -1.05813e+15 -2.9358e+18
-1.05813e+15 -2.9358e+18 -1.01047e+15 -3.09292e+18
-1.01047e+15 -3.09292e+18 -1.05212e+15 -3.52911e+18
-1.05212e+15 -3.52911e+18 -1.09569e+15 -3.57226e+18
-1.09569e+15 -3.57226e+18 -1.14689e+15 -3.77703e+18
-1.14689e+15 -3.77703e+18 -1.18288e+15 -4.15648e+18
-1.18288e+15 -4.15648e+18 -1.46185e+15 -4.38483e+18
-1.46185e+15 -4.38483e+18 -1.34637e+15 -4.48008e+18
-1.34637e+15 -4.48008e+18 -1.47578e+15 -6.12721e+18
-1.47578e+15 -6.12721e+18 -1.48915e+15 -5.73545e+18
-1.48915e+15 -5.73545e+18 -1.48272e+15 -6.47567e+18
-1.48272e+15 -6.47567e+18 -1.84175e+15 -7.75931e+18
-1.84175e+15 -7.75931e+18 -1.56123e+15 -7.70458e+18
-1.56123e+15 -7.70458e+18 -1.58678e+15 -8.53694e+18
-1.58678e+15 -8.53694e+18 -1.47218e+15 -1.06343e+19
-1.47218e+15 -1.06343e+19 -1.57475e+15 -1.13613e+19
-1.57475e+15 -1.13613e+19 -1.69952e+15 -1.31623e+19
-1.69952e+15 -1.31623e+19 -1.16696e+15 -1.50711e+19
-1.16696e+15 -1.50711e+19 -1.28227e+15 -1.73391e+19
-1.28227e+15 -1.73391e+19 -1.72213e+15 -1.88796e+19
-1.72213e+15 -1.88796e+19 -1.74576e+15 -2.35379e+19
-1.74576e+15 -2.35379e+19 -1.69436e+15 -2.65806e+19
-1.69436e+15 -2.65806e+19 -1.92559e+15 -2.76307e+19
-1.92559e+15 -2.76307e+19 -2.00635e+15 -2.8597e+19
-2.00635e+15 -2.8597e+19 -2.28518e+15 -3.10548e+19
-2.28518e+15 -3.10548e+19 -3.08368e+15 -3.34263e+19
-3.08368e+15 -3.34263e+19 -3.64184e+15 -3.53039e+19
-3.64184e+15 -3.53039e+19 -4.29238e+15 -3.66904e+19
-4.29238e+15 -3.66904e+19 -5.68379e+15 -3.94552e+19
-5.68379e+15 -3.94552e+19 -5.46064e+15 -4.07643e+19
-5.46064e+15 -4.07643e+19 -4.84765e+15 -4.19361e+19
-4.84765e+15 -4.19361e+19 -6.14163e+15 -4.55659e+19
-6.14163e+15 -4.55659e+19 -7.18418e+15 -4.71939e+19
-7.18418e+15 -4.71939e+19 -7.49709e+15 -5.08955e+19
-7.49709e+15 -5.08955e+19 -8.36923e+15 -5.35361e+19
-8.36923e+15 -5.35361e+19 -9.21205e+15 -5.58785e+19
-9.21205e+15 -5.58785e+19 -9.35615e+15 -5.79977e+19
-9.35615e+15 -5.79977e+19 -1.31478e+16 -6.30509e+19
-1.31478e+16 -6.30509e+19 -9.97539e+15 -6.83925e+19
-9.97539e+15 -6.83925e+19 -1.20347e+16 -8.30689e+19
-1.20347e+16 -8.30689e+19 -1.24994e+16 -8.71821e+19
-1.24994e+16 -8.71821e+19 -1.48527e+16 -9.11409e+19
-1.48527e+16 -9.11409e+19 -2.43316e+16 -1.08028e+20
-2.43316e+16 -1.08028e+20 -1.90498e+16 -1.23604e+20
-1.90498e+16 -1.23604e+20 -2.33612e+16 -1.27429e+20
-2.33612e+16 -1.27429e+20 -2.45246e+16 -1.44555e+20
-2.45246e+16 -1.44555e+20 -3.27873e+16 -1.78327e+20
-3.27873e+16 -1.78327e+20 -3.63334e+16 -1.90384e+20
-3.63334e+16 -1.90384e+20 -3.31492e+16 -2.26636e+20
-3.31492e+16 -2.26636e+20 -4.71364e+16 -2.57557e+20
-4.71364e+16 -2.57557e+20 -5.13638e+16 -2.46004e+20
-5.13638e+16 -2.46004e+20 -4.61799e+16 -2.73738e+20
-4.61799e+16 -2.73738e+20 -5.04603e+16 -3.23305e+20
-5.04603e+16 -3.23305e+20 -6.01942e+16 -3.00661e+20
-6.01942e+16 -3.00661e+20 -6.36487e+16 -3.28637e+20
-6.36487e+16 -3.28637e+20 -7.88227e+16 -3.63128e+20
-7.88227e+16 -3.63128e+20 -6.80113e+16 -3.31874e+20
-6.80113e+16 -3.31874e+20 -8.33604e+16 -3.54868e+20
-8.33604e+16 -3.54868e+20 -1.19402e+17 -3.79602e+20
-1.19402e+17 -3.79602e+20 -8.46752e+16 -3.4216e+20
-8.46752e+16 -3.4216e+20 -7.56356e+16 -3.69875e+20
-7.56356e+16 -3.69875e+20 -9.57332e+16 -3.85329e+20
-9.57332e+16 -3.85329e+20 -9.2786e+16 -3.64914e+20
-9.2786e+16 -3.64914e+20 -9.55677e+16 -3.66271e+20
-9.55677e+16 -3.66271e+20 -6.78874e+16 -4.07553e+20
-6.78874e+16 -4.07553e+20 -6.04623e+16 -3.89815e+20
-6.04623e+16 -3.89815e+20 -6.06066e+16 -3.95447e+20
-6.06066e+16 -3.95447e+20 -5.91503e+16 -4.03141e+20
-5.91503e+16 -4.03141e+20 -5.99867e+16 -3.82886e+20
-5.99867e+16 -3.82886e+20 -4.60844e+16 -4.02308e+20
-4.60844e+16 -4.02308e+20 -4.57046e+16 -4.32283e+20
-4.57046e+16 -4.32283e+20 -4.42735e+16 -3.58977e+20
-4.42735e+16 -3.58977e+20 -5.60221e+16 -3.60133e+20
-5.60221e+16 -3.60133e+20 -6.44499e+16 -3.80263e+20
-6.44499e+16 -3.80263e+20 -3.41668e+16 -3.23936e+20
-3.41668e+16 -3.23936e+20 -3.40117e+16 -2.91344e+20
-3.40117e+16 -2.91344e+20 -2.91016e+16 -3.19023e+20
-2.91016e+16 -3.19023e+20 -2.77283e+16 -2.81469e+20
-2.77283e+16 -2.81469e+20 -2.86285e+16 -2.62141e+20
-2.86285e+16 -2.62141e+20 -1.78707e+16 -2.57181e+20
-1.78707e+16 -2.57181e+20 -1.95602e+16 -2.29877e+20
-1.95602e+16 -2.29877e+20 -1.93457e+16 -2.06773e+20
-1.93457e+16 -2.06773e+20 -2.19037e+16 -2.16015e+20
-2.19037e+16 -2.16015e+20 -1.96812e+16 -1.96959e+20
-1.96812e+16 -1.96959e+20 -2.11298e+16 -1.56597e+20
-2.11298e+16 -1.56597e+20 -2.12722e+16 -1.69602e+20
-2.12722e+16 -1.69602e+20 -2.16901e+16 -1.68486e+20
-2.16901e+16 -1.68486e+20 -2.22096e+16 -1.44999e+20
-2.22096e+16 -1.44999e+20 -2.82542e+16 -1.60995e+20
-2.82542e+16 -1.60995e+20 -2.92981e+16 -1.53749e+20
-2.92981e+16 -1.53749e+20 -1.95407e+16 -1.42711e+20
-1.95407e+16 -1.42711e+20 -2.55906e+16 -1.55329e+20
-2.55906e+16 -1.55329e+20 -2.67294e+16 -1.43866e+20
-2.67294e+16 -1.43866e+20 -2.37118e+16 -1.41637e+20
-2.37118e+16 -1.41637e+20 -3.08275e+16 -1.48346e+20
-3.08275e+16 -1.48346e+20 -2.38757e+16 -1.49189e+20
-2.38757e+16 -1.49189e+20 -2.3749e+16 -1.43634e+20
-2.3749e+16 -1.43634e+20 -2.83008e+16 -1.46495e+20
-2.83008e+16 -1.46495e+20 -2.77433e+16 -1.37702e+20
-2.77433e+16 -1.37702e+20 -2.97846e+16 -1.32769e+20
-2.97846e+16 -1.32769e+20 -2.58302e+16 -1.38286e+20
-2.58302e+16 -1.38286e+20 -2.41566e+16 -1.28052e+20
-2.41566e+16 -1.28052e+20 -2.5888e+16 -1.24816e+20
-2.5888e+16 -1.24816e+20 -3.28032e+16 -1.27969e+20
-3.28032e+16 -1.27969e+20 -3.23608e+16 -1.19735e+20
-3.23608e+16 -1.19735e+20 -2.5804e+16 -1.22983e+20
-2.5804e+16 -1.22983e+20 -2.75147e+16 -1.33362e+20
-2.75147e+16 -1.33362e+20 -2.49982e+16 -1.26808e+20
-2.49982e+16 -1.26808e+20 -2.96326e+16 -1.28599e+20
-2.96326e+16 -1.28599e+20 -3.59923e+16 -1.33988e+20
-3.59923e+16 -1.33988e+20 -2.68547e+16 -1.21964e+20
-2.68547e+16 -1.21964e+20 -3.86688e+16 -1.31804e+20
-3.86688e+16 -1.31804e+20 -4.63866e+16 -1.38075e+20
-4.63866e+16 -1.38075e+20 -3.47305e+16 -1.31451e+20
-3.47305e+16 -1.31451e+20 -3.07848e+16 -1.35898e+20
-3.07848e+16 -1.35898e+20 -3.59127e+16 -1.40399e+20
-3.59127e+16 -1.40399e+20 -3.07599e+16 -1.35454e+20
-3.07599e+16 -1.35454e+20 -3.78662e+16 -1.43015e+20
-3.78662e+16 -1.43015e+20 -4.81037e+16 -1.43468e+20
-4.81037e+16 -1.43468e+20 -4.02249e+16 -1.4458e+20
-4.02249e+16 -1.4458e+20 -5.80685e+16 -1.66316e+20
-5.80685e+16 -1.66316e+20 -5.02549e+16 -1.78809e+20
-5.02549e+16 -1.78809e+20 -4.21243e+16 -1.68707e+20
-4.21243e+16 -1.68707e+20 -4.08038e+16 -1.81043e+20
-4.08038e+16 -1.81043e+20 -4.75256e+16 -2.08101e+20
-4.75256e+16 -2.08101e+20 -4.18837e+16 -1.95383e+20
-4.18837e+16 -1.95383e+20 -3.38489e+16 -2.07253e+20
-3.38489e+16 -2.07253e+20 -3.22839e+16 -2.33389e+20
-3.22839e+16 -2.33389e+20 -2.78999e+16 -2.24174e+20
-2.78999e+16 -2.24174e+20 -2.37002e+16 -2.32196e+20
-2.37002e+16 -2.32196e+20 -1.96299e+16 -2.52789e+20
-1.96299e+16 -2.52789e+20 -1.48085e+16 -2.46132e+20
-1.48085e+16 -2.46132e+20 -1.36501e+16 -2.57094e+20
-1.36501e+16 -2.57094e+20 -1.3071e+16 -2.89613e+20
-1.3071e+16 -2.89613e+20 -1.34161e+16 -2.59286e+20
-1.34161e+16 -2.59286e+20 -1.18692e+16 -2.65453e+20
-1.18692e+16 -2.65453e+20 -1.1002e+16 -2.94016e+20
-1.1002e+16 -2.94016e+20 -1.11087e+16 -2.7688e+20
-1.11087e+16 -2.7688e+20 -1.14411e+16 -2.71611e+20
-1.14411e+16 -2.71611e+20 -1.0504e+16 -2.98143e+20
-1.0504e+16 -2.98143e+20 -1.11481e+16 -2.67943e+20
-1.11481e+16 -2.67943e+20 -1.20057e+16 -2.69708e+20
-1.20057e+16 -2.69708e+20 -9.82014e+15 -3.05036e+20
-9.82014e+15 -3.05036e+20 -8.52824e+15 -2.75731e+20
-8.52824e+15 -2.75731e+20 -8.35283e+15 -2.62399e+20
-8.35283e+15 -2.62399e+20 -8.22e+15 -2.87556e+20
-8.22e+15 -2.87556e+20 -8.24496e+15 -2.72208e+20
-8.24496e+15 -2.72208e+20 -8.02718e+15 -2.4334e+20
-8.02718e+15 -2.4334e+20 -8.89218e+15 -2.71308e+20
-8.89218e+15 -2.71308e+20 -7.78381e+15 -2.49664e+20
-7.78381e+15 -2.49664e+20 -8.44353e+15 -2.29376e+20
-8.44353e+15 -2.29376e+20 -1.01846e+16 -2.49279e+20
-1.01846e+16 -2.49279e+20 -7.89854e+15 -2.24195e+20
-7.89854e+15 -2.24195e+20 -7.44582e+15 -2.08191e+20
-7.44582e+15 -2.08191e+20 -1.09059e+16 -2.25716e+20
-1.09059e+16 -2.25716e+20 -1.09327e+16 -2.23897e+20
-1.09327e+16 -2.23897e+20 -9.58761e+15 -1.9944e+20
-9.58761e+15 -1.9944e+20 -1.22436e+16 -2.0722e+20
-1.22436e+16 -2.0722e+20 -9.60952e+15 -2.04132e+20
-9.60952e+15 -2.04132e+20 -9.50443e+15 -1.81742e+20
-9.50443e+15 -1.81742e+20 -9.9118e+15 -1.8844e+20
-9.9118e+15 -1.8844e+20 -1.02611e+16 -1.75904e+20
-1.02611e+16 -1.75904e+20 -1.08652e+16 -1.59875e+20
-1.08652e+16 -1.59875e+20 -1.16465e+16 -1.67966e+20
-1.16465e+16 -1.67966e+20 -1.20099e+16 -1.47208e+20
-1.20099e+16 -1.47208e+20 -1.31453e+16 -1.40105e+20
-1.31453e+16 -1.40105e+20 -1.51472e+16 -1.42794e+20
-1.51472e+16 -1.42794e+20 -1.53761e+16 -1.34093e+20
-1.53761e+16 -1.34093e+20 -1.55603e+16 -1.28016e+20
-1.55603e+16 -1.28016e+20 -1.47544e+16 -1.19757e+20
-1.47544e+16 -1.19757e+20 -1.57601e+16 -1.10161e+20
-1.57601e+16 -1.10161e+20 -1.75916e+16 -1.03976e+20
-1.75916e+16 -1.03976e+20 -1.8014e+16 -9.9494e+19
-1.8014e+16 -9.9494e+19 -1.74705e+16 -9.07156e+19
-1.74705e+16 -9.07156e+19 -2.23841e+16 -8.03181e+19
-2.23841e+16 -8.03181e+19 -2.1973e+16 -7.27818e+19
-2.1973e+16 -7.27818e+19 -1.96013e+16 -7.03238e+19
-1.96013e+16 -7.03238e+19 -2.00289e+16 -6.66323e+19
-2.00289e+16 -6.66323e+19 -2.05544e+16 -6.15321e+19
-2.05544e+16 -6.15321e+19 -1.78746e+16 -6.13674e+19
-1.78746e+16 -6.13674e+19 -1.7106e+16 -6.08791e+19
-1.7106e+16 -6.08791e+19 -1.62982e+16 -5.48869e+19
-1.62982e+16 -5.48869e+19 -1.35481e+16 -5.78507e+19
-1.35481e+16 -5.78507e+19 -8.96515e+15 -5.43617e+19
-8.96515e+15 -5.43617e+19 -7.04037e+15 -4.97993e+19
-7.04037e+15 -4.97993e+19 -6.83143e+15 -4.85486e+19
-6.83143e+15 -4.85486e+19 -4.64982e+15 -4.60589e+19
-4.64982e+15 -4.60589e+19 -3.77463e+15 -4.18726e+19
-3.77463e+15 -4.18726e+19 -3.31389e+15 -3.86656e+19
-3.31389e+15 -3.86656e+19 -2.36664e+15 -3.74736e+19
-2.36664e+15 -3.74736e+19 -2.21456e+15 -3.26992e+19
-2.21456e+15 -3.26992e+19 -2.21322e+15 -2.73723e+19
-2.21322e+15 -2.73723e+19 -2.65459e+15 -2.19209e+19
-2.65459e+15 -2.19209e+19 -2.62954e+15 -1.72882e+19
-2.62954e+15 -1.72882e+19 -2.81281e+15 -1.4245e+19
-2.81281e+15 -1.4245e+19 -3.20719e+15 -1.04022e+19
-3.20719e+15 -1.04022e+19 -3.58933e+15 -7.8712e+18
-3.58933e+15 -7.8712e+18 -3.72246e+15 -4.83363e+18
-3.72246e+15 -4.83363e+18 -3.94597e+15 -3.73708e+18
-3.94597e+15 -3.73708e+18 -4.0577e+15 -2.74884e+18
-4.0577e+15 -2.74884e+18 -3.78648e+15 -1.74089e+18
-3.78648e+15 -1.74089e+18 -5.58837e+15 -1.35033e+18
-5.58837e+15 -1.35033e+18 -5.65697e+15 -1.0094e+18
-5.65697e+15 -1.0094e+18 -6.87539e+15 -6.38504e+17
-6.87539e+15 -6.38504e+17 -7.90398e+15 -5.23921e+17
-7.90398e+15 -5.23921e+17 -7.74956e+15 -4.10561e+17
-7.74956e+15 -4.10561e+17 -8.39006e+15 -2.70973e+17
-8.39006e+15 -2.70973e+17 -1.32748e+16 -2.48698e+17
-1.32748e+16 -2.48698e+17 -1.70193e+16 -2.1529e+17
-1.70193e+16 -2.1529e+17 -2.01511e+16 -1.29385e+17
-2.01511e+16 -1.29385e+17 -2.64464e+16 -1.27264e+17
-2.64464e+16 -1.27264e+17 -3.09765e+16 -1.25864e+17
-3.09765e+16 -1.25864e+17 -3.1197e+16 -4.67132e+16
-3.1197e+16 -4.67132e+16 -3.44109e+16 -5.27467e+16
-3.44109e+16 -5.27467e+16 -3.37093e+16 -5.03753e+16
-3.37093e+16 -5.03753e+16 -3.01347e+16 -3.03457e+16
-3.01347e+16 -3.03457e+16 -3.95328e+16 -3.11961e+16
-3.95328e+16 -3.11961e+16 -4.30007e+16 -3.44675e+16
-4.30007e+16 -3.44675e+16 -3.44837e+16 -3.19711e+16
-3.44837e+16 -3.19711e+16 -3.56591e+16 -2.99863e+16
-3.56591e+16 -2.99863e+16 -4.78625e+16 -4.68058e+16
-4.78625e+16 -4.68058e+16 -4.45368e+16 -3.75421e+16
-4.45368e+16 -3.75421e+16 -5.02247e+16 -4.36401e+16
-5.02247e+16 -4.36401e+16 -7.32635e+16 -7.28218e+16
-7.32635e+16 -7.28218e+16 -6.92987e+16 -7.16451e+16
-6.92987e+16 -7.16451e+16 -9.47004e+16 -1.07523e+17
-9.47004e+16 -1.07523e+17 -1.10748e+17 -1.78709e+17
-1.10748e+17 -1.78709e+17 -8.69621e+16 -2.12505e+17
-8.69621e+16 -2.12505e+17 -8.26357e+16 -2.86514e+17
-8.26357e+16 -2.86514e+17 -9.7356e+16 -4.30701e+17
-9.7356e+16 -4.30701e+17 -6.48616e+16 -4.76492e+17
-6.48616e+16 -4.76492e+17 -5.88069e+16 -6.73046e+17
-5.88069e+16 -6.73046e+17 -5.14405e+16 -9.35266e+17
-5.14405e+16 -9.35266e+17 -2.93476e+16 -1.11555e+18
-2.93476e+16 -1.11555e+18 -2.63824e+16 -1.79502e+18
-2.63824e+16 -1.79502e+18 -2.49295e+16 -2.22822e+18
-2.49295e+16 -2.22822e+18 -1.67377e+16 -2.83706e+18
-1.67377e+16 -2.83706e+18 -1.53242e+16 -4.3093e+18
-1.53242e+16 -4.3093e+18 -1.44931e+16 -5.95865e+18
-1.44931e+16 -5.95865e+18 -9.27126e+15 -7.02254e+18
-9.27126e+15 -7.02254e+18 -8.42504e+15 -9.92044e+18
-8.42504e+15 -9.92044e+18 -8.71619e+15 -1.35867e+19
-8.71619e+15 -1.35867e+19 -7.36393e+15 -1.63998e+19
-7.36393e+15 -1.63998e+19 -6.45269e+15 -2.54455e+19
-6.45269e+15 -2.54455e+19 -6.00497e+15 -3.202e+19
-6.00497e+15 -3.202e+19 -5.12389e+15 -3.55757e+19
-5.12389e+15 -3.55757e+19 -4.86863e+15 -4.43215e+19
-4.86863e+15 -4.43215e+19 -4.48202e+15 -4.60752e+19
-4.48202e+15 -4.60752e+19 -3.8026e+15 -4.74653e+19
-3.8026e+15 -4.74653e+19 -4.37656e+15 -5.48145e+19
-4.37656e+15 -5.48145e+19 -5.15026e+15 -5.40575e+19
-5.15026e+15 -5.40575e+19 -5.31065e+15 -5.54167e+19
-5.31065e+15 -5.54167e+19 -9.44503e+15 -6.20372e+19
-9.44503e+15 -6.20372e+19 -1.10552e+16 -6.38565e+19
-1.10552e+16 -6.38565e+19 -1.34989e+16 -6.28052e+19
-1.34989e+16 -6.28052e+19 -1.87362e+16 -6.70979e+19
-1.87362e+16 -6.70979e+19 -2.4519e+16 -6.98638e+19
-2.4519e+16 -6.98638e+19 -1.96076e+16 -6.6548e+19
-1.96076e+16 -6.6548e+19 -2.05254e+16 -7.10028e+19
-2.05254e+16 -7.10028e+19 -2.24436e+16 -7.8409e+19
-2.24436e+16 -7.8409e+19 -2.26976e+16 -7.26309e+19
-2.26976e+16 -7.26309e+19 -2.16067e+16 -7.96584e+19
-2.16067e+16 -7.96584e+19 -1.90871e+16 -9.05092e+19
-1.90871e+16 -9.05092e+19 -2.10102e+16 -8.63833e+19
-2.10102e+16 -8.63833e+19 -2.07128e+16 -1.00808e+20
-2.07128e+16 -1.00808e+20 -2.2879e+16 -1.15264e+20
-2.2879e+16 -1.15264e+20 -2.28728e+16 -1.12619e+20
-2.28728e+16 -1.12619e+20 -2.39275e+16 -1.28778e+20
-2.39275e+16 -1.28778e+20 -2.73265e+16 -1.4065e+20
-2.73265e+16 -1.4065e+20 -2.06941e+16 -1.36406e+20
-2.06941e+16 -1.36406e+20 -2.28735e+16 -1.57732e+20
-2.28735e+16 -1.57732e+20 -2.23577e+16 -1.87178e+20
-2.23577e+16 -1.87178e+20 -1.7443e+16 -1.79305e+20
-1.7443e+16 -1.79305e+20 -1.77472e+16 -2.19017e+20
-1.77472e+16 -2.19017e+20 -1.52648e+16 -2.28172e+20
-1.52648e+16 -2.28172e+20 -1.5606e+16 -2.09629e+20
-1.5606e+16 -2.09629e+20 -1.69979e+16 -2.38228e+20
-1.69979e+16 -2.38228e+20 -1.59177e+16 -2.44127e+20
-1.59177e+16 -2.44127e+20 -1.31712e+16 -2.19088e+20
-1.31712e+16 -2.19088e+20 -1.51726e+16 -2.30823e+20
-1.51726e+16 -2.30823e+20 -1.49364e+16 -2.47372e+20
-1.49364e+16 -2.47372e+20 -1.70573e+16 -2.39003e+20
-1.70573e+16 -2.39003e+20 -2.02822e+16 -2.52178e+20
-2.02822e+16 -2.52178e+20 -3.22188e+16 -2.70022e+20
-3.22188e+16 -2.70022e+20 -2.44461e+16 -2.4963e+20
-2.44461e+16 -2.4963e+20 -2.87166e+16 -2.59212e+20
-2.87166e+16 -2.59212e+20 -3.40213e+16 -2.83929e+20
-3.40213e+16 -2.83929e+20 -2.90861e+16 -2.62827e+20
-2.90861e+16 -2.62827e+20 -3.58138e+16 -2.71568e+20
-3.58138e+16 -2.71568e+20 -5.67075e+16 -2.95062e+20
-5.67075e+16 -2.95062e+20 -5.33489e+16 -2.91016e+20
-5.33489e+16 -2.91016e+20 -7.8052e+16 -2.89631e+20
-7.8052e+16 -2.89631e+20 -1.23854e+17 -3.31826e+20
-1.23854e+17 -3.31826e+20 -1.46269e+17 -3.23339e+20
-1.46269e+17 -3.23339e+20 -2.08434e+17 -3.45699e+20
-2.08434e+17 -3.45699e+20 -1.99589e+17 -4.0943e+20
-1.99589e+17 -4.0943e+20 -2.19076e+17 -4.40481e+20
-2.19076e+17 -4.40481e+20 -2.37624e+17 -4.24976e+20
-2.37624e+17 -4.24976e+20 -2.80902e+17 -4.64918e+20
-2.80902e+17 -4.64918e+20 -3.07834e+17 -4.96991e+20
-3.07834e+17 -4.96991e+20 -3.81779e+17 -5.30585e+20
-3.81779e+17 -5.30585e+20 -4.32826e+17 -5.67279e+20
-4.32826e+17 -5.67279e+20 -4.40886e+17 -6.23453e+20
-4.40886e+17 -6.23453e+20 -5.44935e+17 -6.72198e+20
-5.44935e+17 -6.72198e+20 -5.64165e+17 -7.24452e+20
-5.64165e+17 -7.24452e+20 -5.06682e+17 -7.55059e+20
-5.06682e+17 -7.55059e+20 -6.09157e+17 -8.30417e+20
-6.09157e+17 -8.30417e+20 -5.67299e+17 -8.5281e+20
-5.67299e+17 -8.5281e+20 -5.3815e+17 -9.08004e+20
-5.3815e+17 -9.08004e+20 -6.14369e+17 -1.01724e+21
-6.14369e+17 -1.01724e+21 -6.57825e+17 -9.86615e+20
-6.57825e+17 -9.86615e+20 -6.8857e+17 -1.05474e+21
-6.8857e+17 -1.05474e+21 -8.57891e+17 -1.16494e+21
-8.57891e+17 -1.16494e+21 -6.51438e+17 -1.08652e+21
-6.51438e+17 -1.08652e+21 -6.63094e+17 -1.13162e+21
-6.63094e+17 -1.13162e+21 -6.48965e+17 -1.11915e+21
-6.48965e+17 -1.11915e+21 -5.12599e+17 -1.03543e+21
-5.12599e+17 -1.03543e+21 -5.1788e+17 -1.12154e+21
-5.1788e+17 -1.12154e+21 -4.87372e+17 -1.14316e+21
-4.87372e+17 -1.14316e+21 -4.24878e+17 -1.08915e+21
-4.24878e+17 -1.08915e+21 -3.76169e+17 -1.1421e+21
-3.76169e+17 -1.1421e+21 -2.79667e+17 -1.28897e+21
-2.79667e+17 -1.28897e+21 -2.7123e+17 -1.1485e+21
-2.7123e+17 -1.1485e+21 -2.53656e+17 -1.18528e+21
-2.53656e+17 -1.18528e+21 -2.14285e+17 -1.20538e+21
-2.14285e+17 -1.20538e+21 -1.8199e+17 -1.12488e+21
-1.8199e+17 -1.12488e+21 -1.37809e+17 -1.15023e+21
-1.37809e+17 -1.15023e+21 -1.22575e+17 -1.14243e+21
-1.22575e+17 -1.14243e+21 -1.21163e+17 -9.76376e+20
-1.21163e+17 -9.76376e+20 -1.34408e+17 -9.62137e+20
-1.34408e+17 -9.62137e+20 -9.41258e+16 -9.7067e+20
-9.41258e+16 -9.7067e+20 -7.1507e+16 -8.29007e+20
-7.1507e+16 -8.29007e+20 -5.96358e+16 -7.37344e+20
-5.96358e+16 -7.37344e+20 -4.82587e+16 -7.45831e+20
-4.82587e+16 -7.45831e+20 -5.10647e+16 -5.84876e+20
-5.10647e+16 -5.84876e+20 -4.55006e+16 -5.41743e+20
-4.55006e+16 -5.41743e+20 -3.30762e+16 -5.39885e+20
-3.30762e+16 -5.39885e+20 -3.62359e+16 -4.85026e+20
-3.62359e+16 -4.85026e+20 -3.34578e+16 -4.37202e+20
-3.34578e+16 -4.37202e+20 -3.46475e+16 -4.47028e+20
-3.46475e+16 -4.47028e+20 -3.47702e+16 -4.06115e+20
-3.47702e+16 -4.06115e+20 -3.08339e+16 -2.99603e+20
-3.08339e+16 -2.99603e+20 -3.11462e+16 -3.31741e+20
-3.11462e+16 -3.31741e+20 -3.25245e+16 -3.19679e+20
-3.25245e+16 -3.19679e+20 -2.47568e+16 -2.46183e+20
-2.47568e+16 -2.46183e+20 -3.44602e+16 -2.66425e+20
-3.44602e+16 -2.66425e+20 -3.12354e+16 -2.5607e+20
-3.12354e+16 -2.5607e+20 -1.88652e+16 -2.34844e+20
-1.88652e+16 -2.34844e+20 -3.3269e+16 -2.52932e+20
-3.3269e+16 -2.52932e+20 -3.30628e+16 -2.38132e+20
-3.30628e+16 -2.38132e+20 -2.95906e+16 -2.0964e+20
-2.95906e+16 -2.0964e+20 -3.31388e+16 -2.21258e+20
-3.31388e+16 -2.21258e+20 -2.61911e+16 -2.13718e+20
-2.61911e+16 -2.13718e+20 -2.54168e+16 -1.85125e+20
-2.54168e+16 -1.85125e+20 -2.92493e+16 -1.93481e+20
-2.92493e+16 -1.93481e+20 -2.716e+16 -1.76341e+20
-2.716e+16 -1.76341e+20 -2.83994e+16 -1.55852e+20
-2.83994e+16 -1.55852e+20 -2.83716e+16 -1.645e+20
-2.83716e+16 -1.645e+20 -2.72453e+16 -1.54318e+20
-2.72453e+16 -1.54318e+20 -3.06475e+16 -1.49955e+20
-3.06475e+16 -1.49955e+20 -3.57359e+16 -1.55124e+20
-3.57359e+16 -1.55124e+20 -3.36849e+16 -1.49772e+20
-3.36849e+16 -1.49772e+20 -3.85198e+16 -1.44208e+20
-3.85198e+16 -1.44208e+20 -4.09383e+16 -1.52144e+20
-4.09383e+16 -1.52144e+20 -2.99199e+16 -1.46548e+20
-2.99199e+16 -1.46548e+20 -3.34658e+16 -1.40524e+20
-3.34658e+16 -1.40524e+20 -4.26132e+16 -1.44616e+20
-4.26132e+16 -1.44616e+20 -2.53643e+16 -1.36613e+20
-2.53643e+16 -1.36613e+20 -3.03154e+16 -1.38449e+20
-3.03154e+16 -1.38449e+20 -3.37213e+16 -1.38678e+20
-3.37213e+16 -1.38678e+20 -2.9858e+16 -1.30959e+20
-2.9858e+16 -1.30959e+20 -2.79401e+16 -1.32802e+20
-2.79401e+16 -1.32802e+20 -3.38669e+16 -1.30118e+20
-3.38669e+16 -1.30118e+20 -2.84938e+16 -1.31952e+20
-2.84938e+16 -1.31952e+20 -3.47536e+16 -1.33869e+20
-3.47536e+16 -1.33869e+20 -4.51839e+16 -1.36294e+20
-4.51839e+16 -1.36294e+20 -4.26708e+16 -1.40978e+20
-4.26708e+16 -1.40978e+20 -5.23185e+16 -1.41231e+20
-5.23185e+16 -1.41231e+20 -5.77749e+16 -1.47273e+20
-5.77749e+16 -1.47273e+20 -6.17366e+16 -1.45873e+20
-6.17366e+16 -1.45873e+20 -5.39461e+16 -1.50552e+20
-5.39461e+16 -1.50552e+20 -5.91015e+16 -1.70385e+20
-5.91015e+16 -1.70385e+20 -5.88863e+16 -1.65193e+20
-5.88863e+16 -1.65193e+20 -5.55717e+16 -1.75464e+20
-5.55717e+16 -1.75464e+20 -5.99887e+16 -2.01707e+20
-5.99887e+16 -2.01707e+20 -5.71731e+16 -1.96253e+20
-5.71731e+16 -1.96253e+20 -5.48036e+16 -2.05237e+20
-5.48036e+16 -2.05237e+20 -5.97615e+16 -2.35944e+20
-5.97615e+16 -2.35944e+20 -4.79338e+16 -2.36153e+20
-4.79338e+16 -2.36153e+20 -4.50071e+16 -2.50043e+20
-4.50071e+16 -2.50043e+20 -4.39185e+16 -2.67972e+20
-4.39185e+16 -2.67972e+20 -4.62957e+16 -2.46981e+20
-4.62957e+16 -2.46981e+20 -4.88841e+16 -2.65072e+20
-4.88841e+16 -2.65072e+20 -3.83774e+16 -2.92587e+20
-3.83774e+16 -2.92587e+20 -3.05298e+16 -2.69031e+20
-3.05298e+16 -2.69031e+20 -2.92966e+16 -2.76338e+20
-2.92966e+16 -2.76338e+20 -3.07184e+16 -3.19045e+20
-3.07184e+16 -3.19045e+20 -3.12229e+16 -2.87775e+20
-3.12229e+16 -2.87775e+20 -2.91339e+16 -3.11483e+20
-2.91339e+16 -3.11483e+20 -2.85197e+16 -3.9214e+20
-2.85197e+16 -3.9214e+20 -2.6166e+16 -3.33902e+20
-2.6166e+16 -3.33902e+20 -2.69836e+16 -3.69726e+20
-2.69836e+16 -3.69726e+20 -2.57708e+16 -4.30332e+20
-2.57708e+16 -4.30332e+20 -2.47991e+16 -3.72103e+20
-2.47991e+16 -3.72103e+20 -2.22675e+16 -3.51335e+20
-2.22675e+16 -3.51335e+20 -2.71117e+16 -4.16006e+20
-2.71117e+16 -4.16006e+20 -2.04771e+16 -3.68971e+20
-2.04771e+16 -3.68971e+20 -1.88497e+16 -3.37523e+20
-1.88497e+16 -3.37523e+20 -2.49818e+16 -3.82994e+20
-2.49818e+16 -3.82994e+20 -1.48822e+16 -3.31332e+20
-1.48822e+16 -3.31332e+20 -1.30395e+16 -2.94456e+20
-1.30395e+16 -2.94456e+20 -1.76882e+16 -3.42837e+20
-1.76882e+16 -3.42837e+20 -1.34129e+16 -2.93803e+20
-1.34129e+16 -2.93803e+20 -1.1468e+16 -2.63046e+20
-1.1468e+16 -2.63046e+20 -1.29335e+16 -2.81702e+20
-1.29335e+16 -2.81702e+20 -8.80826e+15 -2.66344e+20
-8.80826e+15 -2.66344e+20 -8.52227e+15 -2.36236e+20
-8.52227e+15 -2.36236e+20 -1.01286e+16 -2.49972e+20
-1.01286e+16 -2.49972e+20 -8.51205e+15 -2.24368e+20
-8.51205e+15 -2.24368e+20 -8.29416e+15 -1.98177e+20
-8.29416e+15 -1.98177e+20 -8.37023e+15 -2.12144e+20
-8.37023e+15 -2.12144e+20 -7.95728e+15 -1.90092e+20
-7.95728e+15 -1.90092e+20 -8.53556e+15 -1.76193e+20
-8.53556e+15 -1.76193e+20 -9.89386e+15 -1.82829e+20
-9.89386e+15 -1.82829e+20 -8.18636e+15 -1.57773e+20
-8.18636e+15 -1.57773e+20 -8.46234e+15 -1.40883e+20
-8.46234e+15 -1.40883e+20 -1.19361e+16 -1.44577e+20
-1.19361e+16 -1.44577e+20 -9.71186e+15 -1.31409e+20
-9.71186e+15 -1.31409e+20 -1.10455e+16 -1.17051e+20
-1.10455e+16 -1.17051e+20 -1.43452e+16 -1.19605e+20
-1.43452e+16 -1.19605e+20 -9.84488e+15 -1.0106e+20
-9.84488e+15 -1.0106e+20 -1.27265e+16 -8.86428e+19
-1.27265e+16 -8.86428e+19 -1.51456e+16 -9.2085e+19
-1.51456e+16 -9.2085e+19 -1.28568e+16 -7.36838e+19
-1.28568e+16 -7.36838e+19 -1.11096e+16 -6.95647e+19
-1.11096e+16 -6.95647e+19 -1.32868e+16 -7.11601e+19
-1.32868e+16 -7.11601e+19 -1.2595e+16 -6.96121e+19
-1.2595e+16 -6.96121e+19 -1.53328e+16 -6.81823e+19
-1.53328e+16 -6.81823e+19 -1.7577e+16 -6.99657e+19
-1.7577e+16 -6.99657e+19 -1.58801e+16 -6.91737e+19
-1.58801e+16 -6.91737e+19 -1.7143e+16 -6.82507e+19
-1.7143e+16 -6.82507e+19 -1.79658e+16 -7.11827e+19
-1.79658e+16 -7.11827e+19 -1.63404e+16 -6.99431e+19
-1.63404e+16 -6.99431e+19 -1.33004e+16 -6.6505e+19
-1.33004e+16 -6.6505e+19 -1.43394e+16 -6.96429e+19
-1.43394e+16 -6.96429e+19 -1.25245e+16 -6.79459e+19
-1.25245e+16 -6.79459e+19 -1.0233e+16 -6.53615e+19
-1.0233e+16 -6.53615e+19 -1.04841e+16 -6.59746e+19
-1.04841e+16 -6.59746e+19 -9.43244e+15 -6.31642e+19
-9.43244e+15 -6.31642e+19 -8.63658e+15 -5.94359e+19
-8.63658e+15 -5.94359e+19 -7.89213e+15 -5.96019e+19
-7.89213e+15 -5.96019e+19 -6.31886e+15 -5.43325e+19
-6.31886e+15 -5.43325e+19 -6.4406e+15 -4.96638e+19
-6.4406e+15 -4.96638e+19 -6.47815e+15 -4.6611e+19
-6.47815e+15 -4.6611e+19 -6.79517e+15 -3.98374e+19
-6.79517e+15 -3.98374e+19 -6.9301e+15 -3.39745e+19
-6.9301e+15 -3.39745e+19 -6.2008e+15 -3.06835e+19
-6.2008e+15 -3.06835e+19 -6.3416e+15 -2.39746e+19
-6.3416e+15 -2.39746e+19 -5.92462e+15 -1.77664e+19
-5.92462e+15 -1.77664e+19 -7.82283e+15 -1.57948e+19
-7.82283e+15 -1.57948e+19 -7.99135e+15 -1.26121e+19
-7.99135e+15 -1.26121e+19 -6.75476e+15 -9.20167e+18
-6.75476e+15 -9.20167e+18 -8.80817e+15 -8.8812e+18
-8.80817e+15 -8.8812e+18 -9.0366e+15 -6.94494e+18
-9.0366e+15 -6.94494e+18 -8.20622e+15 -5.27443e+18
-8.20622e+15 -5.27443e+18 -8.76741e+15 -4.61087e+18
-8.76741e+15 -4.61087e+18 -8.99956e+15 -3.86907e+18
-8.99956e+15 -3.86907e+18 -9.09876e+15 -2.95621e+18
-9.09876e+15 -2.95621e+18 -9.09493e+15 -3.19624e+18
-9.09493e+15 -3.19624e+18 -7.47505e+15 -2.5481e+18
-7.47505e+15 -2.5481e+18 -7.58432e+15 -2.08008e+18
-7.58432e+15 -2.08008e+18 -1.04836e+16 -2.46795e+18
-1.04836e+16 -2.46795e+18 -7.42205e+15 -2.09045e+18
-7.42205e+15 -2.09045e+18 -6.63954e+15 -1.93086e+18
-6.63954e+15 -1.93086e+18 -1.13001e+16 -2.13161e+18
-1.13001e+16 -2.13161e+18 -8.89421e+15 -2.01975e+18
-8.89421e+15 -2.01975e+18 -7.6239e+15 -1.89884e+18
-7.6239e+15 -1.89884e+18 -9.47764e+15 -2.26783e+18
-9.47764e+15 -2.26783e+18 -9.96846e+15 -2.23083e+18
-9.96846e+15 -2.23083e+18 -1.0499e+16 -2.12121e+18
-1.0499e+16 -2.12121e+18 -1.14681e+16 -2.32222e+18
-1.14681e+16 -2.32222e+18 -1.15287e+16 -2.24916e+18
-1.15287e+16 -2.24916e+18 -1.21043e+16 -2.1254e+18
-1.21043e+16 -2.1254e+18 -1.40692e+16 -2.28878e+18
-1.40692e+16 -2.28878e+18 -1.43877e+16 -2.12732e+18
-1.43877e+16 -2.12732e+18 -1.47789e+16 -1.98137e+18
-1.47789e+16 -1.98137e+18 -1.32752e+16 -1.91094e+18
-1.32752e+16 -1.91094e+18 -1.13903e+16 -1.77404e+18
-1.13903e+16 -1.77404e+18 -1.39405e+16 -1.71923e+18
-1.39405e+16 -1.71923e+18 -1.38913e+16 -1.59208e+18
-1.38913e+16 -1.59208e+18 -1.48133e+16 -1.53286e+18
-1.48133e+16 -1.53286e+18 -1.42046e+16 -1.49792e+18
-1.42046e+16 -1.49792e+18 -1.39057e+16 -1.33716e+18
-1.39057e+16 -1.33716e+18 -1.41159e+16 -1.32455e+18
-1.41159e+16 -1.32455e+18 -1.40601e+16 -1.15839e+18
-1.40601e+16 -1.15839e+18 -1.48597e+16 -1.02935e+18
-1.48597e+16 -1.02935e+18 -2.04092e+16 -1.06765e+18
-2.04092e+16 -1.06765e+18 -2.18914e+16 -1.0508e+18
-2.18914e+16 -1.0508e+18 -2.09457e+16 -8.85941e+17
-2.09457e+16 -8.85941e+17 -2.28996e+16 -9.45714e+17
-2.28996e+16 -9.45714e+17 -2.264e+16 -8.43106e+17
-2.264e+16 -8.43106e+17 -1.48397e+16 -6.69599e+17
-1.48397e+16 -6.69599e+17 -1.41481e+16 -7.42244e+17
-1.41481e+16 -7.42244e+17 -1.18585e+16 -5.60986e+17
-1.18585e+16 -5.60986e+17 -8.03942e+15 -5.60151e+17
-8.03942e+15 -5.60151e+17 -1.0401e+16 -5.41807e+17
-1.0401e+16 -5.41807e+17 -8.17264e+15 -4.90709e+17
-8.17264e+15 -4.90709e+17 -7.53725e+15 -4.41728e+17
-7.53725e+15 -4.41728e+17 -8.64519e+15 -4.08491e+17
-8.64519e+15 -4.08491e+17 -7.33133e+15 -3.58744e+17
-7.33133e+15 -3.58744e+17 -5.95886e+15 -2.90614e+17
-5.95886e+15 -2.90614e+17 -6.42204e+15 -2.75971e+17
-6.42204e+15 -2.75971e+17 -6.21079e+15 -2.49181e+17
-6.21079e+15 -2.49181e+17 -5.4043e+15 -2.21188e+17
-5.4043e+15 -2.21188e+17 -5.46857e+15 -2.29082e+17
-5.46857e+15 -2.29082e+17 -4.7906e+15 -2.15022e+17
-4.7906e+15 -2.15022e+17 -4.30565e+15 -1.9011e+17
-4.30565e+15 -1.9011e+17 -4.49616e+15 -1.83533e+17
-4.49616e+15 -1.83533e+17 -5.05948e+15 -1.77053e+17
-5.05948e+15 -1.77053e+17 -4.18785e+15 -1.67688e+17
-4.18785e+15 -1.67688e+17 -3.05132e+15 -1.63146e+17
-3.05132e+15 -1.63146e+17 -3.53692e+15 -1.53603e+17
-3.53692e+15 -1.53603e+17 -3.37966e+15 -1.36896e+17
-3.37966e+15 -1.36896e+17 -2.76389e+15 -1.28264e+17
-2.76389e+15 -1.28264e+17 -3.13637e+15 -1.16206e+17
-3.13637e+15 -1.16206e+17 -3.05482e+15 -1.00557e+17
-3.05482e+15 -1.00557e+17 -2.43424e+15 -1.03749e+17
-2.43424e+15 -1.03749e+17 -2.72404e+15 -1.0334e+17
-2.72404e+15 -1.0334e+17 -2.09958e+15 -7.55075e+16
-2.09958e+15 -7.55075e+16 -1.90743e+15 -7.10439e+16
-1.90743e+15 -7.10439e+16 -2.3515e+15 -6.954e+16
-2.3515e+15 -6.954e+16 -2.26052e+15 -6.62691e+16
-2.26052e+15 -6.62691e+16 -2.14418e+15 -6.04992e+16
-2.14418e+15 -6.04992e+16 -3.11215e+15 -5.71183e+16
-3.11215e+15 -5.71183e+16 -2.68767e+15 -5.25359e+16
-2.68767e+15 -5.25359e+16 -1.43717e+15 -5.1138e+16
-1.43717e+15 -5.1138e+16 -1.72421e+15 -2.94846e+16
-1.72421e+15 -2.94846e+16 -1.61864e+15 -2.72664e+16
-1.61864e+15 -2.72664e+16 -9.83114e+14 -4.2692e+16
-9.83114e+14 -4.2692e+16 -9.49765e+14 -3.23161e+16
-9.49765e+14 -3.23161e+16 -8.25992e+14 -3.25171e+16
-8.25992e+14 -3.25171e+16 -7.19214e+14 -2.975e+16
-7.19214e+14 -2.975e+16 -6.44347e+14 -2.5807e+16
-6.44347e+14 -2.5807e+16 -6.04076e+14 -2.66854e+16
-6.04076e+14 -2.66854e+16 -6.50081e+14 -2.55685e+16
-6.50081e+14 -2.55685e+16 -7.09357e+14 -2.13534e+16
-7.09357e+14 -2.13534e+16 -7.85605e+14 -1.93972e+16
-7.85605e+14 -1.93972e+16 -8.1991e+14 -1.68731e+16
-8.1991e+14 -1.68731e+16 -8.67635e+14 -1.67732e+16
-8.67635e+14 -1.67732e+16 -8.86715e+14 -1.66368e+16
-8.86715e+14 -1.66368e+16 -7.85474e+14 -1.58103e+16
-7.85474e+14 -1.58103e+16 -7.84444e+14 -1.40262e+16
-7.84444e+14 -1.40262e+16 -9.32387e+14 -1.09903e+16
-9.32387e+14 -1.09903e+16 -7.20751e+14 -1.14539e+16
-7.20751e+14 -1.14539e+16 -5.2605e+14 -1.09023e+16
-5.2605e+14 -1.09023e+16 -5.4585e+14 -8.96233e+15
-5.4585e+14 -8.96233e+15 -5.36037e+14 -8.2529e+15
-5.36037e+14 -8.2529e+15 -5.81254e+14 -7.5221e+15
-5.81254e+14 -7.5221e+15 -6.0231e+14 -5.85294e+15
-6.0231e+14 -5.85294e+15 -5.35134e+14 -5.08579e+15
-5.35134e+14 -5.08579e+15 -4.88693e+14 -5.16606e+15
-4.88693e+14 -5.16606e+15 -4.33869e+14 -4.60233e+15
-4.33869e+14 -4.60233e+15 -4.7767e+14 -4.64164e+15
-4.7767e+14 -4.64164e+15 -4.3387e+14 -4.3752e+15
-4.3387e+14 -4.3752e+15 -4.55801e+14 -4.05016e+15
-4.55801e+14 -4.05016e+15 -5.62424e+14 -4.12444e+15
-5.62424e+14 -4.12444e+15 -6.32649e+14 -4.00057e+15
-6.32649e+14 -4.00057e+15 -8.32562e+14 -3.44168e+15
-8.32562e+14 -3.44168e+15 -9.69871e+14 -4.1522e+15
-9.69871e+14 -4.1522e+15 -7.77646e+14 -3.8957e+15
-7.77646e+14 -3.8957e+15 -8.25318e+14 -2.23476e+15
-8.25318e+14 -2.23476e+15 -9.60585e+14 -3.29373e+15
-9.60585e+14 -3.29373e+15 -9.55256e+14 -2.67571e+15
-9.55256e+14 -2.67571e+15 -7.82366e+14 -2.95063e+15
-7.82366e+14 -2.95063e+15 -1.01776e+15 -3.92572e+15
-1.01776e+15 -3.92572e+15 -1.22136e+15 -3.7039e+15
-1.22136e+15 -3.7039e+15 -1.30867e+15 -3.45212e+15
-1.30867e+15 -3.45212e+15 -1.55704e+15 -4.83228e+15
-1.55704e+15 -4.83228e+15 -1.69362e+15 -5.87225e+15
-1.69362e+15 -5.87225e+15 -1.81757e+15 -6.13868e+15
-1.81757e+15 -6.13868e+15 -2.24301e+15 -8.62044e+15
-2.24301e+15 -8.62044e+15 -2.41953e+15 -1.03063e+16
-2.41953e+15 -1.03063e+16 -2.62244e+15 -1.10945e+16
-2.62244e+15 -1.10945e+16 -3.07535e+15 -1.80114e+16
-3.07535e+15 -1.80114e+16 -3.00123e+15 -2.58812e+16
-3.00123e+15 -2.58812e+16 -3.03759e+15 -2.6481e+16
-3.03759e+15 -2.6481e+16 -3.1e+15 -3.33039e+16
-3.1e+15 -3.33039e+16 -3.07692e+15 -3.64373e+16
-3.07692e+15 -3.64373e+16 -2.23352e+15 -4.4433e+16
-2.23352e+15 -4.4433e+16 -1.87672e+15 -5.68147e+16
-1.87672e+15 -5.68147e+16 -2.1609e+15 -6.10084e+16
-2.1609e+15 -6.10084e+16 -2.58173e+15 -6.48451e+16
-2.58173e+15 -6.48451e+16 -2.51728e+15 -6.43462e+16
-2.51728e+15 -6.43462e+16 -3.06371e+15 -6.1927e+16
-3.06371e+15 -6.1927e+16 -2.8412e+15 -6.44326e+16
-2.8412e+15 -6.44326e+16 -2.85962e+15 -6.39068e+16
-2.85962e+15 -6.39068e+16 -3.55369e+15 -6.51401e+16
-3.55369e+15 -6.51401e+16 -3.42418e+15 -6.34224e+16
-3.42418e+15 -6.34224e+16 -2.816e+15 -5.19613e+16
-2.816e+15 -5.19613e+16 -3.86492e+15 -5.16037e+16
-3.86492e+15 -5.16037e+16 -3.64303e+15 -4.46962e+16
-3.64303e+15 -4.46962e+16 -3.33903e+15 -3.35153e+16
-3.33903e+15 -3.35153e+16 -4.2588e+15 -2.75436e+16
-4.2588e+15 -2.75436e+16 -3.53575e+15 -2.14152e+16
-3.53575e+15 -2.14152e+16 -2.12727e+15 -1.73102e+16
-2.12727e+15 -1.73102e+16 -3.29695e+15 -1.1418e+16
-3.29695e+15 -1.1418e+16 -3.05535e+15 -1.0543e+16
-3.05535e+15 -1.0543e+16 -2.00196e+15 -1.09543e+16
-2.00196e+15 -1.09543e+16 -2.18394e+15 -8.94542e+15
-2.18394e+15 -8.94542e+15 -2.22272e+15 -8.68264e+15
-2.22272e+15 -8.68264e+15 -2.141e+15 -7.35492e+15
-2.141e+15 -7.35492e+15 -2.26511e+15 -7.36016e+15
-2.26511e+15 -7.36016e+15 -2.23318e+15 -7.09174e+15
-2.23318e+15 -7.09174e+15 -2.30383e+15 -6.39155e+15
-2.30383e+15 -6.39155e+15 -2.69073e+15 -7.21671e+15
-2.69073e+15 -7.21671e+15 -2.39616e+15 -6.96198e+15
-2.39616e+15 -6.96198e+15 -2.32765e+15 -7.12413e+15
-2.32765e+15 -7.12413e+15 -2.372e+15 -9.08826e+15
-2.372e+15 -9.08826e+15 -2.47452e+15 -1.19942e+16
-2.47452e+15 -1.19942e+16 -2.01944e+15 -1.32622e+16
-2.01944e+15 -1.32622e+16 -2.13227e+15 -1.51696e+16
-2.13227e+15 -1.51696e+16 -1.97913e+15 -1.72182e+16
-1.97913e+15 -1.72182e+16 -1.40232e+15 -2.08967e+16
-1.40232e+15 -2.08967e+16 -8.90162e+14 -2.96188e+16
-8.90162e+14 -2.96188e+16 -9.75286e+14 -3.76474e+16
-9.75286e+14 -3.76474e+16 -9.18979e+14 -4.28173e+16
-9.18979e+14 -4.28173e+16 -7.41088e+14 -5.77487e+16
-7.41088e+14 -5.77487e+16 -7.14064e+14 -6.78995e+16
-7.14064e+14 -6.78995e+16 -4.5127e+14 -7.05285e+16
-4.5127e+14 -7.05285e+16 -3.69654e+14 -1.10231e+17
-3.69654e+14 -1.10231e+17 -4.40686e+14 -1.35754e+17
-4.40686e+14 -1.35754e+17 -2.37419e+14 -1.28836e+17
-2.37419e+14 -1.28836e+17 -3.2623e+14 -1.60379e+17
-3.2623e+14 -1.60379e+17 -3.14213e+14 -1.87455e+17
-3.14213e+14 -1.87455e+17 -1.87397e+14 -1.76593e+17
-1.87397e+14 -1.76593e+17 -1.64722e+14 -2.00013e+17
-1.64722e+14 -2.00013e+17 -3.44293e+14 -2.12453e+17
-3.44293e+14 -2.12453e+17 -1.70857e+14 -1.96008e+17
-1.70857e+14 -1.96008e+17 -1.16117e+14 -2.51892e+17
-1.16117e+14 -2.51892e+17 -1.41995e+14 -2.28708e+17
-1.41995e+14 -2.28708e+17 -1.02201e+14 -2.12386e+17
-1.02201e+14 -2.12386e+17 -8.99908e+13 -2.6122e+17
-8.99908e+13 -2.6122e+17 -1.11583e+14 -2.57172e+17
-1.11583e+14 -2.57172e+17 -7.19011e+13 -2.4458e+17
-7.19011e+13 -2.4458e+17 -8.42564e+13 -2.60167e+17
-8.42564e+13 -2.60167e+17 -1.00513e+14 -2.73466e+17
-1.00513e+14 -2.73466e+17 -8.64172e+13 -2.55218e+17
-8.64172e+13 -2.55218e+17 -1.51918e+14 -2.62132e+17
-1.51918e+14 -2.62132e+17 -1.81076e+14 -2.5907e+17
-1.81076e+14 -2.5907e+17 -1.73475e+14 -2.41632e+17
-1.73475e+14 -2.41632e+17 -1.72115e+14 -2.625e+17
-1.72115e+14 -2.625e+17 -2.40419e+14 -2.79396e+17
-2.40419e+14 -2.79396e+17 -1.79943e+14 -2.77786e+17
-1.79943e+14 -2.77786e+17 -1.99845e+14 -3.02652e+17
-1.99845e+14 -3.02652e+17 -1.92831e+14 -3.24618e+17
-1.92831e+14 -3.24618e+17 -2.16072e+14 -3.00276e+17
-2.16072e+14 -3.00276e+17 -1.31631e+14 -3.25709e+17
-1.31631e+14 -3.25709e+17 -1.5807e+14 -3.68748e+17
-1.5807e+14 -3.68748e+17 -2.15736e+14 -3.44644e+17
-2.15736e+14 -3.44644e+17 -1.66558e+14 -3.80752e+17
-1.66558e+14 -3.80752e+17 -2.68699e+14 -4.14334e+17
-2.68699e+14 -4.14334e+17 -2.48535e+14 -3.92176e+17
-2.48535e+14 -3.92176e+17 -1.88124e+14 -4.13736e+17
-1.88124e+14 -4.13736e+17 -2.51094e+14 -4.56013e+17
-2.51094e+14 -4.56013e+17 -1.66072e+14 -4.40113e+17
-1.66072e+14 -4.40113e+17 -1.84002e+14 -4.74671e+17
-1.84002e+14 -4.74671e+17 -1.82951e+14 -5.26498e+17
-1.82951e+14 -5.26498e+17 -2.34872e+14 -5.26753e+17
-2.34872e+14 -5.26753e+17 -1.56302e+14 -6.01389e+17
-1.56302e+14 -6.01389e+17 -2.16378e+14 -7.07107e+17
-2.16378e+14 -7.07107e+17 -2.41955e+14 -5.48668e+17
-2.41955e+14 -5.48668e+17 -2.40211e+14 -6.99234e+17
-2.40211e+14 -6.99234e+17 -2.57008e+14 -8.24036e+17
-2.57008e+14 -8.24036e+17 -3.4196e+14 -6.30436e+17
-3.4196e+14 -6.30436e+17 -1.78843e+14 -8.66032e+17
-1.78843e+14 -8.66032e+17 -3.70251e+14 -1.02278e+18
-3.70251e+14 -1.02278e+18 -3.33439e+14 -9.89209e+17
-3.33439e+14 -9.89209e+17 -3.5616e+14 -9.93255e+17
-3.5616e+14 -9.93255e+17 -6.26069e+14 -1.16361e+18
-6.26069e+14 -1.16361e+18 -6.01461e+14 -1.22903e+18
-6.01461e+14 -1.22903e+18 -6.8163e+14 -1.28578e+18
-6.8163e+14 -1.28578e+18 -9.68764e+14 -1.53751e+18
-9.68764e+14 -1.53751e+18 -9.44302e+14 -1.55504e+18
-9.44302e+14 -1.55504e+18 -9.73273e+14 -1.6373e+18
-9.73273e+14 -1.6373e+18 -1.34276e+15 -1.97722e+18
-1.34276e+15 -1.97722e+18 -1.5735e+15 -2.02679e+18
-1.5735e+15 -2.02679e+18 -1.8069e+15 -2.14941e+18
-1.8069e+15 -2.14941e+18 -1.86946e+15 -2.82662e+18
-1.86946e+15 -2.82662e+18 -1.90656e+15 -3.16215e+18
-1.90656e+15 -3.16215e+18 -1.67938e+15 -3.60594e+18
-1.67938e+15 -3.60594e+18 -1.9924e+15 -4.39966e+18
-1.9924e+15 -4.39966e+18 -2.13984e+15 -4.61048e+18
-2.13984e+15 -4.61048e+18 -1.97712e+15 -5.67819e+18
-1.97712e+15 -5.67819e+18 -2.10563e+15 -6.7854e+18
-2.10563e+15 -6.7854e+18 -2.40353e+15 -7.55981e+18
-2.40353e+15 -7.55981e+18 -2.24927e+15 -8.41112e+18
-2.24927e+15 -8.41112e+18 -2.22746e+15 -9.64291e+18
-2.22746e+15 -9.64291e+18 -2.33394e+15 -1.05625e+19
-2.33394e+15 -1.05625e+19 -2.37402e+15 -1.18171e+19
-2.37402e+15 -1.18171e+19 -2.07391e+15 -1.27313e+19
-2.07391e+15 -1.27313e+19 -2.46633e+15 -1.25291e+19
-2.46633e+15 -1.25291e+19 -2.42205e+15 -1.34048e+19
-2.42205e+15 -1.34048e+19 -2.33754e+15 -1.24293e+19
-2.33754e+15 -1.24293e+19 -2.59452e+15 -1.12499e+19
-2.59452e+15 -1.12499e+19 -2.7499e+15 -1.25503e+19
-2.7499e+15 -1.25503e+19 -2.02656e+15 -1.12011e+19
-2.02656e+15 -1.12011e+19 -2.8737e+15 -8.9788e+18
-2.8737e+15 -8.9788e+18 -2.76255e+15 -9.06311e+18
-2.76255e+15 -9.06311e+18 -2.11256e+15 -8.17264e+18
-2.11256e+15 -8.17264e+18 -2.08696e+15 -8.53426e+18
-2.08696e+15 -8.53426e+18 -2.17943e+15 -8.66663e+18
-2.17943e+15 -8.66663e+18 -1.93954e+15 -7.67198e+18
-1.93954e+15 -7.67198e+18 -1.97325e+15 -7.92218e+18
-1.97325e+15 -7.92218e+18 -1.87227e+15 -7.91129e+18
-1.87227e+15 -7.91129e+18 -1.77164e+15 -7.33432e+18
-1.77164e+15 -7.33432e+18 -1.82132e+15 -7.58381e+18
-1.82132e+15 -7.58381e+18 -1.83754e+15 -7.42165e+18
-1.83754e+15 -7.42165e+18 -1.46974e+15 -6.61686e+18
-1.46974e+15 -6.61686e+18 -1.52297e+15 -6.92452e+18
-1.52297e+15 -6.92452e+18 -1.49306e+15 -7.16553e+18
-1.49306e+15 -7.16553e+18 -1.5037e+15 -7.20193e+18
-1.5037e+15 -7.20193e+18 -1.49079e+15 -6.93056e+18
-1.49079e+15 -6.93056e+18 -1.46349e+15 -6.62421e+18
-1.46349e+15 -6.62421e+18 -1.34311e+15 -6.64872e+18
-1.34311e+15 -6.64872e+18 -1.32145e+15 -6.37051e+18
-1.32145e+15 -6.37051e+18 -1.36077e+15 -6.11802e+18
-1.36077e+15 -6.11802e+18 -1.34051e+15 -5.86212e+18
-1.34051e+15 -5.86212e+18 -1.28528e+15 -5.76633e+18
-1.28528e+15 -5.76633e+18 -1.33427e+15 -5.73234e+18
-1.33427e+15 -5.73234e+18 -1.15975e+15 -5.44645e+18
-1.15975e+15 -5.44645e+18 -1.06399e+15 -4.95237e+18
-1.06399e+15 -4.95237e+18 -1.10728e+15 -4.60737e+18
-1.10728e+15 -4.60737e+18 -1.10087e+15 -4.6355e+18
-1.10087e+15 -4.6355e+18 -8.26088e+14 -4.56222e+18
-8.26088e+14 -4.56222e+18 -8.2216e+14 -4.43917e+18
-8.2216e+14 -4.43917e+18 -8.76774e+14 -4.64116e+18
-8.76774e+14 -4.64116e+18 -6.83041e+14 -4.32565e+18
-6.83041e+14 -4.32565e+18 -7.56574e+14 -4.36772e+18
-7.56574e+14 -4.36772e+18 -9.19745e+14 -4.42062e+18
-9.19745e+14 -4.42062e+18 -7.85817e+14 -3.91893e+18
-7.85817e+14 -3.91893e+18 -8.2068e+14 -4.00052e+18
-8.2068e+14 -4.00052e+18 -1.08e+15 -4.08188e+18
-1.08e+15 -4.08188e+18 -8.42245e+14 -3.35497e+18
-8.42245e+14 -3.35497e+18 -8.45782e+14 -3.51434e+18
-8.45782e+14 -3.51434e+18 -9.41754e+14 -3.71162e+18
-9.41754e+14 -3.71162e+18 -7.69128e+14 -3.31337e+18
-7.69128e+14 -3.31337e+18 -8.55692e+14 -3.44008e+18
-8.55692e+14 -3.44008e+18 -9.80984e+14 -3.70464e+18
-9.80984e+14 -3.70464e+18 -8.81962e+14 -3.29287e+18
-8.81962e+14 -3.29287e+18 -1.07345e+15 -3.54313e+18
-1.07345e+15 -3.54313e+18 -1.04514e+15 -3.83222e+18
-1.04514e+15 -3.83222e+18 -1.01513e+15 -3.10058e+18
-1.01513e+15 -3.10058e+18 -1.07354e+15 -3.62567e+18
-1.07354e+15 -3.62567e+18 -1.15486e+15 -3.7735e+18
-1.15486e+15 -3.7735e+18 -1.11166e+15 -3.39793e+18
-1.11166e+15 -3.39793e+18 -1.34238e+15 -3.94765e+18
-1.34238e+15 -3.94765e+18 -1.42665e+15 -4.2706e+18
-1.42665e+15 -4.2706e+18 -1.17648e+15 -3.84768e+18
-1.17648e+15 -3.84768e+18 -1.13881e+15 -4.25324e+18
-1.13881e+15 -4.25324e+18 -1.33866e+15 -4.64984e+18
-1.33866e+15 -4.64984e+18 -1.33363e+15 -4.3391e+18
-1.33363e+15 -4.3391e+18 -1.32122e+15 -5.41088e+18
-1.32122e+15 -5.41088e+18 -1.50403e+15 -6.36742e+18
-1.50403e+15 -6.36742e+18 -1.56603e+15 -6.01974e+18
-1.56603e+15 -6.01974e+18 -1.7035e+15 -7.16059e+18
-1.7035e+15 -7.16059e+18 -2.04942e+15 -8.22198e+18
-2.04942e+15 -8.22198e+18 -2.23241e+15 -8.65052e+18
-2.23241e+15 -8.65052e+18 -2.67621e+15 -9.13838e+18
-2.67621e+15 -9.13838e+18 -2.85533e+15 -1.07839e+19
-2.85533e+15 -1.07839e+19 -2.9445e+15 -1.12131e+19
-2.9445e+15 -1.12131e+19 -3.23216e+15 -1.30378e+19
-3.23216e+15 -1.30378e+19 -3.31943e+15 -1.4263e+19
-3.31943e+15 -1.4263e+19 -3.50549e+15 -1.49332e+19
-3.50549e+15 -1.49332e+19 -3.32612e+15 -1.61915e+19
-3.32612e+15 -1.61915e+19 -3.80187e+15 -1.83519e+19
-3.80187e+15 -1.83519e+19 -4.20551e+15 -1.83462e+19
-4.20551e+15 -1.83462e+19 -4.01913e+15 -1.87993e+19
-4.01913e+15 -1.87993e+19 -3.95346e+15 -2.37588e+19
-3.95346e+15 -2.37588e+19 -3.84887e+15 -2.38384e+19
-3.84887e+15 -2.38384e+19 -3.6572e+15 -2.40128e+19
-3.6572e+15 -2.40128e+19 -2.97839e+15 -2.72003e+19
-2.97839e+15 -2.72003e+19 -3.07305e+15 -2.75571e+19
-3.07305e+15 -2.75571e+19 -2.64586e+15 -2.8594e+19
-2.64586e+15 -2.8594e+19 -2.61702e+15 -3.29339e+19
-2.61702e+15 -3.29339e+19 -2.51793e+15 -3.03151e+19
-2.51793e+15 -3.03151e+19 -2.7668e+15 -3.16129e+19
-2.7668e+15 -3.16129e+19 -2.34575e+15 -3.4848e+19
-2.34575e+15 -3.4848e+19 -2.23178e+15 -3.16808e+19
-2.23178e+15 -3.16808e+19 -2.30489e+15 -3.18346e+19
-2.30489e+15 -3.18346e+19 -2.36651e+15 -3.62605e+19
-2.36651e+15 -3.62605e+19 -2.40428e+15 -3.4356e+19
-2.40428e+15 -3.4356e+19 -2.92182e+15 -3.38431e+19
-2.92182e+15 -3.38431e+19 -2.31967e+15 -3.48312e+19
-2.31967e+15 -3.48312e+19 -2.3831e+15 -3.25742e+19
-2.3831e+15 -3.25742e+19 -2.72766e+15 -3.38674e+19
-2.72766e+15 -3.38674e+19 -2.58387e+15 -3.65694e+19
-2.58387e+15 -3.65694e+19 -2.12655e+15 -3.4734e+19
-2.12655e+15 -3.4734e+19 -2.52425e+15 -3.38433e+19
-2.52425e+15 -3.38433e+19 -2.32562e+15 -3.54206e+19
-2.32562e+15 -3.54206e+19 -2.07244e+15 -3.43353e+19
-2.07244e+15 -3.43353e+19 -2.6419e+15 -3.44458e+19
-2.6419e+15 -3.44458e+19 -2.90887e+15 -3.66894e+19
-2.90887e+15 -3.66894e+19 -2.56398e+15 -3.54282e+19
-2.56398e+15 -3.54282e+19 -2.88606e+15 -3.72272e+19
-2.88606e+15 -3.72272e+19 -3.29405e+15 -3.8214e+19
-3.29405e+15 -3.8214e+19 -2.73661e+15 -3.5641e+19
-2.73661e+15 -3.5641e+19 -2.89064e+15 -3.86285e+19
-2.89064e+15 -3.86285e+19 -3.2157e+15 -4.01805e+19
-3.2157e+15 -4.01805e+19 -3.12793e+15 -3.97749e+19
-3.12793e+15 -3.97749e+19 -3.15688e+15 -4.23916e+19
-3.15688e+15 -4.23916e+19 -3.38871e+15 -4.30257e+19
-3.38871e+15 -4.30257e+19 -3.30714e+15 -4.19551e+19
-3.30714e+15 -4.19551e+19 -4.51303e+15 -4.47623e+19
-4.51303e+15 -4.47623e+19 -4.16537e+15 -4.65156e+19
-4.16537e+15 -4.65156e+19 -4.26749e+15 -4.62424e+19
-4.26749e+15 -4.62424e+19 -4.45924e+15 -5.2265e+19
-4.45924e+15 -5.2265e+19 -5.24546e+15 -5.00664e+19
-5.24546e+15 -5.00664e+19 -5.00896e+15 -5.01075e+19
-5.00896e+15 -5.01075e+19 -5.09032e+15 -5.58201e+19
-5.09032e+15 -5.58201e+19 -4.9206e+15 -5.67397e+19
-4.9206e+15 -5.67397e+19 -4.71987e+15 -5.71417e+19
-4.71987e+15 -5.71417e+19 -4.56772e+15 -6.27466e+19
-4.56772e+15 -6.27466e+19 -5.2712e+15 -6.38604e+19
-5.2712e+15 -6.38604e+19 -4.64003e+15 -6.40542e+19
-4.64003e+15 -6.40542e+19 -4.0889e+15 -7.05201e+19
-4.0889e+15 -7.05201e+19 -4.13204e+15 -7.07666e+19
-4.13204e+15 -7.07666e+19 -4.3322e+15 -6.99164e+19
-4.3322e+15 -6.99164e+19 -4.4353e+15 -7.36971e+19
-4.4353e+15 -7.36971e+19 -5.18164e+15 -7.44473e+19
-5.18164e+15 -7.44473e+19 -5.54619e+15 -7.19951e+19
-5.54619e+15 -7.19951e+19 -5.76482e+15 -7.99756e+19
-5.76482e+15 -7.99756e+19 -5.17408e+15 -8.0037e+19
-5.17408e+15 -8.0037e+19 -5.6337e+15 -7.28213e+19
-5.6337e+15 -7.28213e+19 -6.23193e+15 -8.03465e+19
-6.23193e+15 -8.03465e+19 -5.24456e+15 -7.98855e+19
-5.24456e+15 -7.98855e+19 -4.9793e+15 -7.6642e+19
-4.9793e+15 -7.6642e+19 -6.02981e+15 -8.06674e+19
-6.02981e+15 -8.06674e+19 -6.09652e+15 -8.58458e+19
-6.09652e+15 -8.58458e+19 -6.20934e+15 -7.97955e+19
-6.20934e+15 -7.97955e+19 -6.32048e+15 -8.14758e+19
-6.32048e+15 -8.14758e+19 -5.36129e+15 -8.53509e+19
-5.36129e+15 -8.53509e+19 -5.45174e+15 -8.19286e+19
-5.45174e+15 -8.19286e+19 -5.58296e+15 -8.34122e+19
-5.58296e+15 -8.34122e+19 -5.48847e+15 -8.1423e+19
-5.48847e+15 -8.1423e+19 -4.67174e+15 -7.545e+19
-4.67174e+15 -7.545e+19 -4.53423e+15 -7.70856e+19
-4.53423e+15 -7.70856e+19 -4.45476e+15 -7.23742e+19
-4.45476e+15 -7.23742e+19 -4.61443e+15 -6.76436e+19
-4.61443e+15 -6.76436e+19 -5.58806e+15 -6.74372e+19
-5.58806e+15 -6.74372e+19 -5.10693e+15 -6.4574e+19
-5.10693e+15 -6.4574e+19 -5.2952e+15 -6.01842e+19
-5.2952e+15 -6.01842e+19 -5.7371e+15 -5.77802e+19
-5.7371e+15 -5.77802e+19 -5.57881e+15 -5.51932e+19
-5.57881e+15 -5.51932e+19 -6.27814e+15 -4.95717e+19
-6.27814e+15 -4.95717e+19 -7.31504e+15 -4.63123e+19
-7.31504e+15 -4.63123e+19 -7.02359e+15 -4.31709e+19
-7.02359e+15 -4.31709e+19 -8.54343e+15 -3.88851e+19
-8.54343e+15 -3.88851e+19 -8.98149e+15 -3.62598e+19
-8.98149e+15 -3.62598e+19 -8.58476e+15 -3.2858e+19
-8.58476e+15 -3.2858e+19 -8.17232e+15 -3.04135e+19
-8.17232e+15 -3.04135e+19 -8.43286e+15 -2.56149e+19
-8.43286e+15 -2.56149e+19 -7.81482e+15 -2.38506e+19
-7.81482e+15 -2.38506e+19 -7.86402e+15 -2.14183e+19
-7.86402e+15 -2.14183e+19 -8.41624e+15 -1.78503e+19
-8.41624e+15 -1.78503e+19 -8.20894e+15 -1.92864e+19
-8.20894e+15 -1.92864e+19 -7.23144e+15 -1.81584e+19
-7.23144e+15 -1.81584e+19 -7.39003e+15 -1.8114e+19
-7.39003e+15 -1.8114e+19 -6.81107e+15 -1.77797e+19
-6.81107e+15 -1.77797e+19 -5.5097e+15 -1.67506e+19
-5.5097e+15 -1.67506e+19 -5.67156e+15 -1.70305e+19
-5.67156e+15 -1.70305e+19 -5.12725e+15 -1.67224e+19
-5.12725e+15 -1.67224e+19 -4.19947e+15 -1.60038e+19
-4.19947e+15 -1.60038e+19 -4.57357e+15 -1.56314e+19
-4.57357e+15 -1.56314e+19 -4.33788e+15 -1.43187e+19
-4.33788e+15 -1.43187e+19 -4.10194e+15 -1.34542e+19
-4.10194e+15 -1.34542e+19 -3.71925e+15 -1.34129e+19
-3.71925e+15 -1.34129e+19 -3.49188e+15 -1.28652e+19
-3.49188e+15 -1.28652e+19 -3.20958e+15 -1.10262e+19
-3.20958e+15 -1.10262e+19 -3.04154e+15 -1.15391e+19
-3.04154e+15 -1.15391e+19 -2.878e+15 -1.03339e+19
-2.878e+15 -1.03339e+19 -2.25234e+15 -9.96486e+18
-2.25234e+15 -9.96486e+18 -2.4079e+15 -1.06115e+19
-2.4079e+15 -1.06115e+19 -2.27675e+15 -9.41279e+18
-2.27675e+15 -9.41279e+18 -2.01486e+15 -9.30425e+18
-2.01486e+15 -9.30425e+18 -1.86252e+15 -9.56344e+18
-1.86252e+15 -9.56344e+18 -1.8011e+15 -8.89232e+18
-1.8011e+15 -8.89232e+18 -1.51181e+15 -9.10421e+18
-1.51181e+15 -9.10421e+18 -1.32259e+15 -9.9418e+18
-1.32259e+15 -9.9418e+18 -1.39905e+15 -9.2111e+18
-1.39905e+15 -9.2111e+18 -1.34388e+15 -9.36723e+18
-1.34388e+15 -9.36723e+18 -1.21048e+15 -9.63085e+18
-1.21048e+15 -9.63085e+18 -1.23514e+15 -8.97427e+18
-1.23514e+15 -8.97427e+18 -1.16273e+15 -9.24254e+18
-1.16273e+15 -9.24254e+18 -1.11e+15 -9.6247e+18
-1.11e+15 -9.6247e+18 -1.16576e+15 -9.04096e+18
-1.16576e+15 -9.04096e+18 -1.14714e+15 -1.02035e+19
-1.14714e+15 -1.02035e+19 -9.76017e+14 -9.19455e+18
-9.76017e+14 -9.19455e+18 -1.03494e+15 -8.52689e+18
-1.03494e+15 -8.52689e+18 -1.15008e+15 -8.5595e+18
-1.15008e+15 -8.5595e+18 -9.92944e+14 -8.1967e+18
-9.92944e+14 -8.1967e+18 -9.75033e+14 -8.26856e+18
-9.75033e+14 -8.26856e+18 -9.89019e+14 -8.00821e+18
-9.89019e+14 -8.00821e+18 -9.17412e+14 -7.69862e+18
-9.17412e+14 -7.69862e+18 -1.00313e+15 -7.88669e+18
-1.00313e+15 -7.88669e+18 -1.06065e+15 -8.06682e+18
-1.06065e+15 -8.06682e+18 -1.08709e+15 -7.61416e+18
-1.08709e+15 -7.61416e+18 -1.19413e+15 -7.33203e+18
-1.19413e+15 -7.33203e+18 -1.61293e+15 -7.21687e+18
-1.61293e+15 -7.21687e+18 -1.54351e+15 -6.2577e+18
-1.54351e+15 -6.2577e+18 -1.71015e+15 -6.60405e+18
-1.71015e+15 -6.60405e+18 -1.96811e+15 -6.48637e+18
-1.96811e+15 -6.48637e+18 -1.9845e+15 -5.20364e+18
-1.9845e+15 -5.20364e+18 -2.0295e+15 -4.38214e+18
-2.0295e+15 -4.38214e+18 -2.21076e+15 -3.90754e+18
-2.21076e+15 -3.90754e+18 -2.13347e+15 -3.32084e+18
-2.13347e+15 -3.32084e+18 -2.48325e+15 -2.85844e+18
-2.48325e+15 -2.85844e+18 -3.29201e+15 -2.30923e+18
-3.29201e+15 -2.30923e+18 -3.21935e+15 -2.0496e+18
-3.21935e+15 -2.0496e+18 -3.1645e+15 -1.77706e+18
-3.1645e+15 -1.77706e+18 -3.45934e+15 -1.44029e+18
-3.45934e+15 -1.44029e+18 -3.03848e+15 -1.1072e+18
-3.03848e+15 -1.1072e+18 -3.01985e+15 -9.2636e+17
-3.01985e+15 -9.2636e+17 -3.01081e+15 -7.9906e+17
-3.01081e+15 -7.9906e+17 -2.745e+15 -6.17867e+17
-2.745e+15 -6.17867e+17 -2.18944e+15 -5.10547e+17
-2.18944e+15 -5.10547e+17 -1.94398e+15 -4.31592e+17
-1.94398e+15 -4.31592e+17 -1.64386e+15 -3.38334e+17
-1.64386e+15 -3.38334e+17 -1.25684e+15 -2.53044e+17
-1.25684e+15 -2.53044e+17 -1.02347e+15 -2.09575e+17
-1.02347e+15 -2.09575e+17 -8.18748e+14 -1.58147e+17
-8.18748e+14 -1.58147e+17 -4.39145e+14 -8.34833e+16
-4.39145e+14 -8.34833e+16 -3.41692e+14 -5.5271e+16
-3.41692e+14 -5.5271e+16 -2.32987e+14 -3.11446e+16
-2.32987e+14 -3.11446e+16 -1.07825e+14 -1.44306e+16
-1.07825e+14 -1.44306e+16 -6.18684e+13 -8.49779e+15
-6.18684e+13 -8.49779e+15 -3.20517e+13 -4.90377e+15
-3.20517e+13 -4.90377e+15 -1.6582e+13 -2.14438e+15
-1.6582e+13 -2.14438e+15 -1.35052e+13 -1.2716e+15
-1.35052e+13 -1.2716e+15 -8.97418e+12 -7.91593e+14
-8.97418e+12 -7.91593e+14 -4.76568e+12 -2.9202e+14
-4.76568e+12 -2.9202e+14 -3.82803e+12 -1.76344e+14
-3.82803e+12 -1.76344e+14 -3.04941e+12 -5.81651e+13
-3.04941e+12 -5.81651e+13 -2.33896e+12 -1.60969e+13
-2.33896e+12 -1.60969e+13 -2.36825e+12 -8.68566e+12
-2.36825e+12 -8.68566e+12 -1.30903e+12 -5.44008e+12
-1.30903e+12 -5.44008e+12 -3.44631e+11 -2.81384e+12
-3.44631e+11 -2.81384e+12 -2.29705e+11 -1.33604e+12
-2.29705e+11 -1.33604e+12 -1.08423e+11 -3.68791e+11
-1.08423e+11 -3.68791e+11 -2.85507e+10 -1.023e+11
-2.85507e+10 -1.023e+11 -2.064e+10 -4.3538e+10
-2.064e+10 -4.3538e+10 -1.08904e+10 -1.85703e+10
-1.08904e+10 -1.85703e+10 -2.14092e+09 -7.43119e+09
-2.14092e+09 -7.43119e+09 -3.63745e+09 -4.16359e+09
-3.63745e+09 -4.16359e+09 -3.04328e+09 -3.10841e+09
-3.04328e+09 -3.10841e+09 -3.80309e+09 -9.04612e+08
-3.80309e+09 -9.04612e+08 -8.33215e+09 -1.71506e+09
-8.33215e+09 -1.71506e+09 -1.83793e+10 -8.891e+09
-1.83793e+10 -8.891e+09 -4.04637e+10 -1.1056e+10
-4.04637e+10 -1.1056e+10 -9.06412e+10 -1.51238e+10
-9.06412e+10 -1.51238e+10 -2.49564e+11 -9.33989e+10
-2.49564e+11 -9.33989e+10 -9.88927e+11 -7.68328e+11
-9.88927e+11 -7.68328e+11 -1.83926e+12 -1.89203e+12
-1.83926e+12 -1.89203e+12 -2.89508e+12 -4.61971e+12
-2.89508e+12 -4.61971e+12 -1.40226e+13 -1.29215e+13
-1.40226e+13 -1.29215e+13 -1.8564e+13 -2.6314e+13
-1.8564e+13 -2.6314e+13 -2.77573e+13 -7.33675e+13
-2.77573e+13 -7.33675e+13 -7.01579e+13 -2.71031e+14
-7.01579e+13 -2.71031e+14 -1.02232e+14 -4.53604e+14
-1.02232e+14 -4.53604e+14 -1.5962e+14 -1.01105e+15
-1.5962e+14 -1.01105e+15 -4.37775e+14 -2.65052e+15
-4.37775e+14 -2.65052e+15 -6.07302e+14 -4.36057e+15
-6.07302e+14 -4.36057e+15 -9.23175e+14 -7.62505e+15
-9.23175e+14 -7.62505e+15 -1.90108e+15 -2.17741e+16
-1.90108e+15 -2.17741e+16 -2.68576e+15 -3.96475e+16
-2.68576e+15 -3.96475e+16 -3.83623e+15 -9.30321e+16
-3.83623e+15 -9.30321e+16 -8.80662e+15 -2.08358e+17
-8.80662e+15 -2.08358e+17 -1.30753e+16 -2.65801e+17
-1.30753e+16 -2.65801e+17 -1.74838e+16 -4.01656e+17
-1.74838e+16 -4.01656e+17 -3.50792e+16 -8.08126e+17
-3.50792e+16 -8.08126e+17 -6.15436e+16 -1.06005e+18
-6.15436e+16 -1.06005e+18 -9.89897e+16 -1.64585e+18
-9.89897e+16 -1.64585e+18 -1.33628e+17 -3.48796e+18
-1.33628e+17 -3.48796e+18 -1.558e+17 -5.00169e+18
-1.558e+17 -5.00169e+18 -1.76491e+17 -7.95566e+18
-1.76491e+17 -7.95566e+18 -2.12178e+17 -1.60514e+19
-2.12178e+17 -1.60514e+19 -2.20036e+17 -2.32223e+19
-2.20036e+17 -2.32223e+19 -2.14826e+17 -3.86683e+19
-2.14826e+17 -3.86683e+19 -2.13461e+17 -5.72071e+19
-2.13461e+17 -5.72071e+19 -2.16265e+17 -6.49694e+19
-2.16265e+17 -6.49694e+19 -2.39445e+17 -8.44147e+19
-2.39445e+17 -8.44147e+19 -2.47043e+17 -1.22007e+20
-2.47043e+17 -1.22007e+20 -2.22516e+17 -1.31961e+20
-2.22516e+17 -1.31961e+20 -2.13152e+17 -1.52897e+20
-2.13152e+17 -1.52897e+20 -2.07113e+17 -2.28815e+20
-2.07113e+17 -2.28815e+20 -2.09164e+17 -2.48685e+20
-2.09164e+17 -2.48685e+20 -1.6833e+17 -2.84689e+20
-1.6833e+17 -2.84689e+20 -1.42221e+17 -3.91524e+20
-1.42221e+17 -3.91524e+20 -1.21097e+17 -4.1615e+20
-1.21097e+17 -4.1615e+20 -9.26925e+16 -4.62584e+20
-9.26925e+16 -4.62584e+20 -8.24939e+16 -5.74512e+20
-8.24939e+16 -5.74512e+20 -6.16509e+16 -5.71476e+20
-6.16509e+16 -5.71476e+20 -3.87164e+16 -5.46778e+20
-3.87164e+16 -5.46778e+20 -3.9174e+16 -6.00907e+20
-3.9174e+16 -6.00907e+20 -3.01509e+16 -6.10734e+20
-3.01509e+16 -6.10734e+20 -2.54558e+16 -5.57296e+20
-2.54558e+16 -5.57296e+20 -3.09749e+16 -6.00729e+20
-3.09749e+16 -6.00729e+20 -2.80641e+16 -5.61108e+20
-2.80641e+16 -5.61108e+20 -1.73076e+16 -5.1457e+20
-1.73076e+16 -5.1457e+20 -2.77353e+16 -5.5434e+20
-2.77353e+16 -5.5434e+20 -3.11608e+16 -5.33888e+20
-3.11608e+16 -5.33888e+20 -2.80378e+16 -4.62164e+20
-2.80378e+16 -4.62164e+20 -2.72609e+16 -4.94148e+20
-2.72609e+16 -4.94148e+20 -2.04012e+16 -4.98963e+20
-2.04012e+16 -4.98963e+20 -2.13962e+16 -4.4168e+20
-2.13962e+16 -4.4168e+20 -2.69701e+16 -4.59922e+20
-2.69701e+16 -4.59922e+20 -2.78137e+16 -4.47354e+20
-2.78137e+16 -4.47354e+20 -2.78094e+16 -4.03958e+20
-2.78094e+16 -4.03958e+20 -2.55787e+16 -4.44759e+20
-2.55787e+16 -4.44759e+20 -2.76463e+16 -4.42649e+20
-2.76463e+16 -4.42649e+20 -3.08758e+16 -4.01737e+20
-3.08758e+16 -4.01737e+20 -3.59502e+16 -4.32046e+20
-3.59502e+16 -4.32046e+20 -3.85941e+16 -4.56389e+20
-3.85941e+16 -4.56389e+20 -3.4105e+16 -3.85243e+20
-3.4105e+16 -3.85243e+20 -4.12305e+16 -4.19197e+20
-4.12305e+16 -4.19197e+20 -4.15664e+16 -4.4477e+20
-4.15664e+16 -4.4477e+20 -4.67608e+16 -3.65574e+20
-4.67608e+16 -3.65574e+20 -5.25599e+16 -4.02106e+20
-5.25599e+16 -4.02106e+20 -4.55237e+16 -4.14608e+20
-4.55237e+16 -4.14608e+20 -5.40241e+16 -3.56668e+20
-5.40241e+16 -3.56668e+20 -6.0122e+16 -3.66461e+20
-6.0122e+16 -3.66461e+20 -6.72797e+16 -3.72346e+20
-6.72797e+16 -3.72346e+20 -6.90725e+16 -3.20448e+20
-6.90725e+16 -3.20448e+20 -1.01238e+17 -3.10541e+20
-1.01238e+17 -3.10541e+20 -1.32446e+17 -3.29467e+20
-1.32446e+17 -3.29467e+20 -1.29754e+17 -3.15712e+20
-1.29754e+17 -3.15712e+20 -1.43091e+17 -3.18997e+20
-1.43091e+17 -3.18997e+20 -1.71086e+17 -3.5487e+20
-1.71086e+17 -3.5487e+20 -1.65476e+17 -3.14066e+20
-1.65476e+17 -3.14066e+20 -1.59955e+17 -3.13832e+20
-1.59955e+17 -3.13832e+20 -1.8675e+17 -3.54195e+20
-1.8675e+17 -3.54195e+20 -1.38304e+17 -3.05219e+20
-1.38304e+17 -3.05219e+20 -1.28772e+17 -2.9474e+20
-1.28772e+17 -2.9474e+20 -1.06591e+17 -3.21462e+20
-1.06591e+17 -3.21462e+20 -6.73981e+16 -2.92079e+20
-6.73981e+16 -2.92079e+20 -6.52352e+16 -2.83815e+20
-6.52352e+16 -2.83815e+20 -6.30903e+16 -2.7932e+20
-6.30903e+16 -2.7932e+20 -4.0354e+16 -2.49951e+20
-4.0354e+16 -2.49951e+20 -3.51089e+16 -2.38516e+20
-3.51089e+16 -2.38516e+20 -2.48937e+16 -2.30086e+20
-2.48937e+16 -2.30086e+20 -2.34674e+16 -1.91727e+20
-2.34674e+16 -1.91727e+20 -2.10066e+16 -1.76571e+20
-2.10066e+16 -1.76571e+20 -2.56056e+16 -1.5111e+20
-2.56056e+16 -1.5111e+20 -2.14842e+16 -1.30171e+20
-2.14842e+16 -1.30171e+20 -1.6624e+16 -1.13592e+20
-1.6624e+16 -1.13592e+20 -1.83826e+16 -1.03564e+20
-1.83826e+16 -1.03564e+20 -1.68082e+16 -8.2371e+19
-1.68082e+16 -8.2371e+19 -1.65477e+16 -6.71342e+19
-1.65477e+16 -6.71342e+19 -1.94881e+16 -6.14741e+19
-1.94881e+16 -6.14741e+19 -1.69908e+16 -5.03818e+19
-1.69908e+16 -5.03818e+19 -1.53473e+16 -4.23476e+19
-1.53473e+16 -4.23476e+19 -1.52918e+16 -3.66355e+19
-1.52918e+16 -3.66355e+19 -1.45094e+16 -2.87757e+19
-1.45094e+16 -2.87757e+19 -1.14762e+16 -2.26098e+19
-1.14762e+16 -2.26098e+19 -9.08125e+15 -1.70537e+19
-9.08125e+15 -1.70537e+19 -8.2447e+15 -1.59409e+19
-8.2447e+15 -1.59409e+19 -8.09904e+15 -1.56726e+19
-8.09904e+15 -1.56726e+19 -7.64782e+15 -1.25841e+19
-7.64782e+15 -1.25841e+19 -8.08119e+15 -1.13772e+19
-8.08119e+15 -1.13772e+19 -5.85483e+15 -1.12675e+19
-5.85483e+15 -1.12675e+19 -4.20949e+15 -1.06526e+19
-4.20949e+15 -1.06526e+19 -4.40632e+15 -1.01767e+19
-4.40632e+15 -1.01767e+19 -3.68353e+15 -8.75215e+18
-3.68353e+15 -8.75215e+18 -3.74604e+15 -8.8059e+18
-3.74604e+15 -8.8059e+18 -3.32464e+15 -8.64524e+18
-3.32464e+15 -8.64524e+18 -3.4932e+15 -7.74234e+18
-3.4932e+15 -7.74234e+18 -3.47464e+15 -7.52076e+18
-3.47464e+15 -7.52076e+18 -3.30562e+15 -7.3236e+18
-3.30562e+15 -7.3236e+18 -3.23246e+15 -7.00187e+18
-3.23246e+15 -7.00187e+18 -3.12554e+15 -7.06393e+18
-3.12554e+15 -7.06393e+18 -3.15218e+15 -6.88988e+18
-3.15218e+15 -6.88988e+18 -3.36852e+15 -6.72854e+18
-3.36852e+15 -6.72854e+18 -3.25336e+15 -6.46536e+18
-3.25336e+15 -6.46536e+18 -3.30554e+15 -6.16065e+18
-3.30554e+15 -6.16065e+18 -2.98946e+15 -5.97188e+18
-2.98946e+15 -5.97188e+18 -2.64127e+15 -5.71858e+18
-2.64127e+15 -5.71858e+18 -2.29849e+15 -6.04962e+18
-2.29849e+15 -6.04962e+18 -1.9807e+15 -6.05001e+18
-1.9807e+15 -6.05001e+18 -1.94042e+15 -5.64118e+18
-1.94042e+15 -5.64118e+18 -1.80188e+15 -5.83498e+18
-1.80188e+15 -5.83498e+18 -1.59916e+15 -5.85375e+18
-1.59916e+15 -5.85375e+18 -1.8927e+15 -5.96181e+18
-1.8927e+15 -5.96181e+18 -1.74346e+15 -6.23457e+18
-1.74346e+15 -6.23457e+18 -1.66462e+15 -6.25434e+18
-1.66462e+15 -6.25434e+18 -1.8934e+15 -6.1991e+18
-1.8934e+15 -6.1991e+18 -1.90707e+15 -6.03416e+18
-1.90707e+15 -6.03416e+18 -2.1644e+15 -6.18761e+18
-2.1644e+15 -6.18761e+18 -2.34282e+15 -5.7948e+18
-2.34282e+15 -5.7948e+18 -2.3218e+15 -6.09498e+18
-2.3218e+15 -6.09498e+18 -2.44586e+15 -6.18739e+18
-2.44586e+15 -6.18739e+18 -2.81169e+15 -6.05018e+18
-2.81169e+15 -6.05018e+18 -2.62398e+15 -5.80302e+18
-2.62398e+15 -5.80302e+18 -2.79508e+15 -5.87242e+18
-2.79508e+15 -5.87242e+18 -2.90176e+15 -6.10238e+18
-2.90176e+15 -6.10238e+18 -3.13007e+15 -6.02864e+18
-3.13007e+15 -6.02864e+18 -3.42546e+15 -6.43159e+18
-3.42546e+15 -6.43159e+18 -3.83137e+15 -6.79846e+18
-3.83137e+15 -6.79846e+18 -3.71736e+15 -6.48556e+18
-3.71736e+15 -6.48556e+18 -4.12398e+15 -7.00138e+18
-4.12398e+15 -7.00138e+18 -4.21357e+15 -7.14857e+18
-4.21357e+15 -7.14857e+18 -3.79644e+15 -6.82776e+18
-3.79644e+15 -6.82776e+18 -4.27937e+15 -6.78583e+18
-4.27937e+15 -6.78583e+18 -4.41011e+15 -6.71062e+18
-4.41011e+15 -6.71062e+18 -4.23949e+15 -5.824e+18
-4.23949e+15 -5.824e+18 -4.42375e+15 -5.95456e+18
-4.42375e+15 -5.95456e+18 -4.13969e+15 -4.9661e+18
-4.13969e+15 -4.9661e+18 -4.15727e+15 -4.80344e+18
-4.15727e+15 -4.80344e+18 -4.43016e+15 -4.85454e+18
-4.43016e+15 -4.85454e+18 -4.65922e+15 -4.26886e+18
-4.65922e+15 -4.26886e+18 -5.31346e+15 -4.16842e+18
-5.31346e+15 -4.16842e+18 -5.39812e+15 -4.17629e+18
-5.39812e+15 -4.17629e+18 -5.56411e+15 -3.87306e+18
-5.56411e+15 -3.87306e+18 -5.24136e+15 -3.78098e+18
-5.24136e+15 -3.78098e+18 -4.03019e+15 -3.45109e+18
-4.03019e+15 -3.45109e+18 -5.88492e+15 -3.32092e+18
-5.88492e+15 -3.32092e+18 -6.35838e+15 -3.40303e+18
-6.35838e+15 -3.40303e+18 -5.22732e+15 -3.364e+18
-5.22732e+15 -3.364e+18 -4.93119e+15 -3.0916e+18
-4.93119e+15 -3.0916e+18 -5.23363e+15 -3.36226e+18
-5.23363e+15 -3.36226e+18 -4.09306e+15 -3.2419e+18
-4.09306e+15 -3.2419e+18 -3.58286e+15 -3.108e+18
-3.58286e+15 -3.108e+18 -3.85481e+15 -3.28127e+18
-3.85481e+15 -3.28127e+18 -3.07808e+15 -2.99744e+18
-3.07808e+15 -2.99744e+18 -2.41524e+15 -3.24986e+18
-2.41524e+15 -3.24986e+18 -2.66638e+15 -3.40907e+18
-2.66638e+15 -3.40907e+18 -2.23601e+15 -3.1693e+18
-2.23601e+15 -3.1693e+18 -2.05136e+15 -3.14641e+18
-2.05136e+15 -3.14641e+18 -2.12028e+15 -3.36093e+18
-2.12028e+15 -3.36093e+18 -1.99633e+15 -3.17229e+18
-1.99633e+15 -3.17229e+18 -2.00229e+15 -3.14687e+18
-2.00229e+15 -3.14687e+18 -2.44772e+15 -3.17274e+18
-2.44772e+15 -3.17274e+18 -2.50237e+15 -2.93729e+18
-2.50237e+15 -2.93729e+18 -2.43536e+15 -2.97571e+18
-2.43536e+15 -2.97571e+18 -2.89977e+15 -3.48879e+18
-2.89977e+15 -3.48879e+18 -2.20166e+15 -3.34655e+18
-2.20166e+15 -3.34655e+18 -2.56076e+15 -3.40145e+18
-2.56076e+15 -3.40145e+18 -2.56981e+15 -4.01679e+18
-2.56981e+15 -4.01679e+18 -2.45659e+15 -3.82209e+18
-2.45659e+15 -3.82209e+18 -1.99672e+15 -3.97187e+18
-1.99672e+15 -3.97187e+18 -2.079e+15 -4.17461e+18
-2.079e+15 -4.17461e+18 -1.99676e+15 -3.72697e+18
-1.99676e+15 -3.72697e+18 -1.67098e+15 -4.00637e+18
-1.67098e+15 -4.00637e+18 -1.9417e+15 -4.22969e+18
-1.9417e+15 -4.22969e+18 -1.99253e+15 -3.86109e+18
-1.99253e+15 -3.86109e+18 -1.95482e+15 -4.04629e+18
-1.95482e+15 -4.04629e+18 -2.31172e+15 -4.41971e+18
-2.31172e+15 -4.41971e+18 -1.82285e+15 -3.65891e+18
-1.82285e+15 -3.65891e+18 -2.07056e+15 -3.95202e+18
-2.07056e+15 -3.95202e+18 -2.217e+15 -4.28642e+18
-2.217e+15 -4.28642e+18 -2.66597e+15 -3.86072e+18
-2.66597e+15 -3.86072e+18 -2.27857e+15 -3.96123e+18
-2.27857e+15 -3.96123e+18 -2.35083e+15 -4.02604e+18
-2.35083e+15 -4.02604e+18 -2.29566e+15 -2.97526e+18
-2.29566e+15 -2.97526e+18 -2.02919e+15 -3.69167e+18
-2.02919e+15 -3.69167e+18 -2.00326e+15 -3.88533e+18
-2.00326e+15 -3.88533e+18 -2.70301e+15 -2.7697e+18
-2.70301e+15 -2.7697e+18 -2.71248e+15 -3.43548e+18
-2.71248e+15 -3.43548e+18 -3.28606e+15 -3.90158e+18
-3.28606e+15 -3.90158e+18 -2.68549e+15 -3.59965e+18
-2.68549e+15 -3.59965e+18 -2.38616e+15 -3.1158e+18
-2.38616e+15 -3.1158e+18 -2.91766e+15 -3.5968e+18
-2.91766e+15 -3.5968e+18 -2.80279e+15 -3.54306e+18
-2.80279e+15 -3.54306e+18 -2.28476e+15 -3.19684e+18
-2.28476e+15 -3.19684e+18 -3.03836e+15 -3.49484e+18
-3.03836e+15 -3.49484e+18 -2.98081e+15 -3.27039e+18
-2.98081e+15 -3.27039e+18 -2.48328e+15 -2.97751e+18
-2.48328e+15 -2.97751e+18 -3.42457e+15 -3.22597e+18
-3.42457e+15 -3.22597e+18 -3.12725e+15 -2.80869e+18
-3.12725e+15 -2.80869e+18 -3.34279e+15 -2.27416e+18
-3.34279e+15 -2.27416e+18 -3.61449e+15 -2.50993e+18
-3.61449e+15 -2.50993e+18 -3.52175e+15 -2.11029e+18
-3.52175e+15 -2.11029e+18 -2.83935e+15 -2.14589e+18
-2.83935e+15 -2.14589e+18 -3.6668e+15 -2.17455e+18
-3.6668e+15 -2.17455e+18 -3.96737e+15 -1.8324e+18
-3.96737e+15 -1.8324e+18 -3.52928e+15 -1.84528e+18
-3.52928e+15 -1.84528e+18 -3.91304e+15 -1.86711e+18
-3.91304e+15 -1.86711e+18 -4.09591e+15 -1.64157e+18
-4.09591e+15 -1.64157e+18 -3.37017e+15 -1.65074e+18
-3.37017e+15 -1.65074e+18 -3.81769e+15 -1.66333e+18
-3.81769e+15 -1.66333e+18 -4.29346e+15 -1.38279e+18
-4.29346e+15 -1.38279e+18 -4.10206e+15 -1.29385e+18
-4.10206e+15 -1.29385e+18 -3.874e+15 -1.38024e+18
-3.874e+15 -1.38024e+18 -4.38054e+15 -1.18784e+18
-4.38054e+15 -1.18784e+18 -4.37116e+15 -1.24565e+18
-4.37116e+15 -1.24565e+18 -4.39484e+15 -1.13878e+18
-4.39484e+15 -1.13878e+18 -4.55864e+15 -9.10404e+17
-4.55864e+15 -9.10404e+17 -4.34675e+15 -1.00663e+18
-4.34675e+15 -1.00663e+18 -3.50194e+15 -9.3486e+17
-3.50194e+15 -9.3486e+17 -3.59732e+15 -7.75627e+17
-3.59732e+15 -7.75627e+17 -3.30708e+15 -7.43564e+17
-3.30708e+15 -7.43564e+17 -2.98771e+15 -6.82587e+17
-2.98771e+15 -6.82587e+17 -2.63507e+15 -7.30052e+17
-2.63507e+15 -7.30052e+17 -2.13502e+15 -5.98233e+17
-2.13502e+15 -5.98233e+17 -1.8874e+15 -5.872e+17
-1.8874e+15 -5.872e+17 -1.95722e+15 -6.73833e+17
-1.95722e+15 -6.73833e+17 -1.66307e+15 -5.55936e+17
-1.66307e+15 -5.55936e+17 -1.71416e+15 -5.51842e+17
-1.71416e+15 -5.51842e+17 -1.66422e+15 -5.6831e+17
-1.66422e+15 -5.6831e+17 -1.44588e+15 -5.52895e+17
-1.44588e+15 -5.52895e+17 -1.28122e+15 -5.53993e+17
-1.28122e+15 -5.53993e+17 -1.32031e+15 -5.46836e+17
-1.32031e+15 -5.46836e+17 -1.21186e+15 -5.16205e+17
-1.21186e+15 -5.16205e+17 -1.16975e+15 -5.23467e+17
-1.16975e+15 -5.23467e+17 -1.02e+15 -5.09839e+17
-1.02e+15 -5.09839e+17 -8.60416e+14 -5.28502e+17
-8.60416e+14 -5.28502e+17 -9.91083e+14 -5.2021e+17
-9.91083e+14 -5.2021e+17 -8.25501e+14 -5.31724e+17
-8.25501e+14 -5.31724e+17 -6.87111e+14 -5.4685e+17
-6.87111e+14 -5.4685e+17 -4.78867e+14 -5.23694e+17
-4.78867e+14 -5.23694e+17 -5.12099e+14 -5.58664e+17
-5.12099e+14 -5.58664e+17 -4.71636e+14 -5.83177e+17
-4.71636e+14 -5.83177e+17 -2.68101e+14 -5.35357e+17
-2.68101e+14 -5.35357e+17 -5.09825e+14 -5.65562e+17
-5.09825e+14 -5.65562e+17 -4.18168e+14 -5.64402e+17
-4.18168e+14 -5.64402e+17 -3.5041e+14 -5.2413e+17
-3.5041e+14 -5.2413e+17 -3.96831e+14 -5.4245e+17
-3.96831e+14 -5.4245e+17 -3.71644e+14 -5.9259e+17
-3.71644e+14 -5.9259e+17 -3.09292e+14 -5.02227e+17
-3.09292e+14 -5.02227e+17 -2.28091e+14 -5.63431e+17
-2.28091e+14 -5.63431e+17 -2.00548e+14 -5.74514e+17
-2.00548e+14 -5.74514e+17 -1.38286e+14 -4.72653e+17
-1.38286e+14 -4.72653e+17 -1.18267e+14 -5.72306e+17
-1.18267e+14 -5.72306e+17 -1.3448e+14 -5.64177e+17
-1.3448e+14 -5.64177e+17 -1.10115e+14 -5.07097e+17
-1.10115e+14 -5.07097e+17 -1.81666e+14 -5.6226e+17
-1.81666e+14 -5.6226e+17 -1.69147e+14 -5.45372e+17
-1.69147e+14 -5.45372e+17 -1.27614e+14 -4.71304e+17
-1.27614e+14 -4.71304e+17 -1.77442e+14 -5.2802e+17
-1.77442e+14 -5.2802e+17 -1.36969e+14 -4.91603e+17
-1.36969e+14 -4.91603e+17 -1.321e+14 -4.41126e+17
-1.321e+14 -4.41126e+17 -1.38737e+14 -4.61544e+17
-1.38737e+14 -4.61544e+17 -1.51722e+14 -4.72693e+17
-1.51722e+14 -4.72693e+17 -1.24221e+14 -4.49804e+17
-1.24221e+14 -4.49804e+17 -1.39926e+14 -4.41798e+17
-1.39926e+14 -4.41798e+17 -1.28907e+14 -4.24376e+17
-1.28907e+14 -4.24376e+17 -1.66298e+14 -3.91017e+17
-1.66298e+14 -3.91017e+17 -1.10213e+14 -3.74155e+17
-1.10213e+14 -3.74155e+17 -9.57161e+13 -3.73246e+17
-9.57161e+13 -3.73246e+17 -1.52468e+14 -3.33825e+17
-1.52468e+14 -3.33825e+17 -1.33189e+14 -3.13096e+17
-1.33189e+14 -3.13096e+17 -1.78873e+14 -2.97128e+17
-1.78873e+14 -2.97128e+17 -1.34686e+14 -2.65852e+17
-1.34686e+14 -2.65852e+17 -9.83932e+13 -2.54786e+17
-9.83932e+13 -2.54786e+17 -9.17972e+13 -2.57888e+17
-9.17972e+13 -2.57888e+17 -4.98061e+13 -2.31802e+17
-4.98061e+13 -2.31802e+17 -4.80094e+13 -2.15206e+17
-4.80094e+13 -2.15206e+17 -6.33437e+13 -2.30727e+17
-6.33437e+13 -2.30727e+17 -6.45404e+13 -2.22883e+17
-6.45404e+13 -2.22883e+17 -5.68914e+13 -2.00667e+17
-5.68914e+13 -2.00667e+17 -6.99783e+13 -2.26529e+17
-6.99783e+13 -2.26529e+17 -1.06388e+14 -1.61103e+17
-1.06388e+14 -1.61103e+17 -4.03292e+13 -1.64869e+17
-4.03292e+13 -1.64869e+17 -4.79057e+13 -1.76981e+17
-4.79057e+13 -1.76981e+17 -5.85413e+13 -9.97089e+16
-5.85413e+13 -9.97089e+16 -2.89526e+13 -1.16502e+17
-2.89526e+13 -1.16502e+17 -3.87225e+13 -1.22163e+17
-3.87225e+13 -1.22163e+17 -2.3572e+13 -9.37044e+16
-2.3572e+13 -9.37044e+16 -2.39429e+13 -7.0723e+16
-2.39429e+13 -7.0723e+16 -2.75834e+13 -7.5081e+16
-2.75834e+13 -7.5081e+16 -2.16938e+13 -6.52957e+16
-2.16938e+13 -6.52957e+16 -2.5257e+13 -5.13812e+16
-2.5257e+13 -5.13812e+16 -3.20205e+13 -5.11071e+16
-3.20205e+13 -5.11071e+16 -2.98913e+13 -4.11964e+16
-2.98913e+13 -4.11964e+16 -2.99163e+13 -3.36058e+16
-2.99163e+13 -3.36058e+16 -3.38903e+13 -3.44743e+16
-3.38903e+13 -3.44743e+16 -3.42375e+13 -3.44939e+16
-3.42375e+13 -3.44939e+16 -4.10736e+13 -3.08553e+16
-4.10736e+13 -3.08553e+16 -5.46596e+13 -3.01061e+16
-5.46596e+13 -3.01061e+16 -7.14139e+13 -2.68347e+16
-7.14139e+13 -2.68347e+16 -4.77586e+13 -2.23221e+16
-4.77586e+13 -2.23221e+16 -3.62046e+13 -2.13931e+16
-3.62046e+13 -2.13931e+16 -5.06276e+13 -1.82597e+16
-5.06276e+13 -1.82597e+16 -4.19975e+13 -1.6498e+16
-4.19975e+13 -1.6498e+16 -5.21838e+13 -1.45201e+16
-5.21838e+13 -1.45201e+16 -7.37488e+13 -1.3213e+16
-7.37488e+13 -1.3213e+16 -6.50254e+13 -1.0954e+16
-6.50254e+13 -1.0954e+16 -5.80283e+13 -8.86832e+15
-5.80283e+13 -8.86832e+15 -9.87187e+13 -8.59117e+15
-9.87187e+13 -8.59117e+15 -7.10995e+13 -6.84559e+15
-7.10995e+13 -6.84559e+15 -5.31162e+13 -4.7137e+15
-5.31162e+13 -4.7137e+15 -7.76948e+13 -4.54815e+15
-7.76948e+13 -4.54815e+15 -6.44808e+13 -3.65788e+15
-6.44808e+13 -3.65788e+15 -4.57372e+13 -2.73612e+15
-4.57372e+13 -2.73612e+15 -1.31952e+14 -2.15095e+15
-1.31952e+14 -2.15095e+15 -9.96913e+13 -1.69627e+15
-9.96913e+13 -1.69627e+15 -4.50337e+13 -1.16973e+15
-4.50337e+13 -1.16973e+15 -7.91368e+13 -8.45461e+14
-7.91368e+13 -8.45461e+14 -5.86866e+13 -6.40908e+14
-5.86866e+13 -6.40908e+14 -2.93325e+13 -3.87695e+14
-2.93325e+13 -3.87695e+14 -3.49692e+13 -3.37456e+14
-3.49692e+13 -3.37456e+14 -3.1662e+13 -1.88764e+14
-3.1662e+13 -1.88764e+14 -1.89608e+13 -8.69282e+13
-1.89608e+13 -8.69282e+13 -1.73864e+13 -1.21479e+14
-1.73864e+13 -1.21479e+14 -1.38766e+13 -8.40886e+13
-1.38766e+13 -8.40886e+13 -1.28951e+13 -4.37858e+13
-1.28951e+13 -4.37858e+13 -1.51719e+13 -5.79168e+13
-1.51719e+13 -5.79168e+13 -2.0025e+13 -5.24772e+13
-2.0025e+13 -5.24772e+13 -1.87557e+13 -3.16685e+13
-1.87557e+13 -3.16685e+13 -2.05923e+13 -4.6833e+13
-2.05923e+13 -4.6833e+13 -1.74051e+13 -6.23735e+13
-1.74051e+13 -6.23735e+13 -1.64641e+13 -6.11792e+13
-1.64641e+13 -6.11792e+13 -2.2613e+13 -1.03961e+14
-2.2613e+13 -1.03961e+14 -1.96605e+13 -1.16652e+14
-1.96605e+13 -1.16652e+14 -1.39297e+13 -1.24873e+14
-1.39297e+13 -1.24873e+14 -1.25897e+13 -2.21258e+14
-1.25897e+13 -2.21258e+14 -1.02009e+13 -2.57218e+14
-1.02009e+13 -2.57218e+14 -9.95692e+12 -2.79478e+14
-9.95692e+12 -2.79478e+14 -9.14975e+12 -4.74131e+14
-9.14975e+12 -4.74131e+14 -9.04355e+12 -6.33036e+14
-9.04355e+12 -6.33036e+14 -6.00529e+12 -7.17923e+14
-6.00529e+12 -7.17923e+14 -4.64462e+12 -9.02796e+14
-4.64462e+12 -9.02796e+14 -6.12679e+12 -1.04785e+15
-6.12679e+12 -1.04785e+15 -3.94378e+12 -1.1009e+15
-3.94378e+12 -1.1009e+15 -4.21921e+12 -1.33131e+15
-4.21921e+12 -1.33131e+15 -5.4184e+12 -1.61914e+15
-5.4184e+12 -1.61914e+15 -4.02831e+12 -1.7685e+15
-4.02831e+12 -1.7685e+15 -3.1419e+12 -2.04179e+15
-3.1419e+12 -2.04179e+15 -4.36455e+12 -2.19094e+15
-4.36455e+12 -2.19094e+15 -3.59605e+12 -2.33478e+15
-3.59605e+12 -2.33478e+15 -2.32138e+12 -2.4894e+15
-2.32138e+12 -2.4894e+15 -3.53447e+12 -2.50627e+15
-3.53447e+12 -2.50627e+15 -2.42938e+12 -2.53866e+15
-2.42938e+12 -2.53866e+15 -1.95823e+12 -2.66101e+15
-1.95823e+12 -2.66101e+15 -2.93857e+12 -2.66265e+15
-2.93857e+12 -2.66265e+15 -2.75407e+12 -2.24114e+15
-2.75407e+12 -2.24114e+15 -3.26204e+12 -2.19624e+15
-3.26204e+12 -2.19624e+15 -3.54701e+12 -2.54665e+15
-3.54701e+12 -2.54665e+15 -3.69451e+12 -2.17054e+15
-3.69451e+12 -2.17054e+15 -3.12867e+12 -1.88156e+15
-3.12867e+12 -1.88156e+15 -3.3533e+12 -1.97991e+15
-3.3533e+12 -1.97991e+15 -3.39036e+12 -1.81606e+15
-3.39036e+12 -1.81606e+15 -3.40962e+12 -1.37597e+15
-3.40962e+12 -1.37597e+15 -3.68779e+12 -1.33705e+15
-3.68779e+12 -1.33705e+15 -4.05897e+12 -1.31799e+15
-4.05897e+12 -1.31799e+15 -5.51933e+12 -1.03655e+15
-5.51933e+12 -1.03655e+15 -7.5763e+12 -1.01783e+15
-7.5763e+12 -1.01783e+15 -1.0967e+13 -9.49191e+14
-1.0967e+13 -9.49191e+14 -1.18785e+13 -7.4414e+14
-1.18785e+13 -7.4414e+14 -9.63422e+12 -6.60519e+14
-9.63422e+12 -6.60519e+14 -1.31999e+13 -4.92379e+14
-1.31999e+13 -4.92379e+14 -1.59561e+13 -3.24289e+14
-1.59561e+13 -3.24289e+14 -2.43085e+13 -2.52444e+14
-2.43085e+13 -2.52444e+14 -2.72305e+13 -2.17367e+14
-2.72305e+13 -2.17367e+14 -3.23414e+13 -1.45629e+14
-3.23414e+13 -1.45629e+14 -4.07702e+13 -1.28607e+14
-4.07702e+13 -1.28607e+14 -4.48687e+13 -1.04188e+14
-4.48687e+13 -1.04188e+14 -5.01452e+13 -9.26452e+13
-5.01452e+13 -9.26452e+13 -5.50408e+13 -9.75871e+13
-5.50408e+13 -9.75871e+13 -1.06612e+14 -9.17588e+13
-1.06612e+14 -9.17588e+13 -1.44419e+14 -9.89211e+13
-1.44419e+14 -9.89211e+13 -2.27878e+14 -8.69054e+13
-2.27878e+14 -8.69054e+13 -5.69976e+14 -9.98648e+13
-5.69976e+14 -9.98648e+13 -7.98199e+14 -1.20254e+14
-7.98199e+14 -1.20254e+14 -1.01182e+15 -1.23135e+14
-1.01182e+15 -1.23135e+14 -1.73281e+15 -1.4063e+14
-1.73281e+15 -1.4063e+14 -2.10983e+15 -1.97614e+14
-2.10983e+15 -1.97614e+14 -2.50066e+15 -2.24366e+14
-2.50066e+15 -2.24366e+14 -3.39772e+15 -2.41491e+14
-3.39772e+15 -2.41491e+14 -4.09196e+15 -3.57687e+14
-4.09196e+15 -3.57687e+14 -4.80457e+15 -3.76645e+14
-4.80457e+15 -3.76645e+14 -7.99843e+15 -4.25904e+14
-7.99843e+15 -4.25904e+14 -1.16601e+16 -5.95744e+14
-1.16601e+16 -5.95744e+14 -1.44872e+16 -6.51851e+14
-1.44872e+16 -6.51851e+14 -1.77468e+16 -8.04833e+14
-1.77468e+16 -8.04833e+14 -2.4307e+16 -9.74074e+14
-2.4307e+16 -9.74074e+14 -2.82078e+16 -9.40156e+14
-2.82078e+16 -9.40156e+14 -3.48211e+16 -1.13982e+15
-3.48211e+16 -1.13982e+15 -4.30701e+16 -1.41131e+15
-4.30701e+16 -1.41131e+15 -4.51377e+16 -1.75899e+15
-4.51377e+16 -1.75899e+15 -6.11975e+16 -2.27633e+15
-6.11975e+16 -2.27633e+15 -7.4333e+16 -2.83809e+15
-7.4333e+16 -2.83809e+15 -7.00472e+16 -3.51034e+15
-7.00472e+16 -3.51034e+15 -9.92385e+16 -4.44237e+15
-9.92385e+16 -4.44237e+15 -1.11519e+17 -5.52598e+15
-1.11519e+17 -5.52598e+15 -1.20287e+17 -6.30184e+15
-1.20287e+17 -6.30184e+15 -1.45677e+17 -8.1964e+15
-1.45677e+17 -8.1964e+15 -1.6195e+17 -1.00343e+16
-1.6195e+17 -1.00343e+16 -1.62444e+17 -1.29916e+16
-1.62444e+17 -1.29916e+16 -1.78599e+17 -1.61311e+16
-1.78599e+17 -1.61311e+16 -1.82042e+17 -1.68238e+16
-1.82042e+17 -1.68238e+16 -1.53929e+17 -1.72273e+16
-1.53929e+17 -1.72273e+16 -1.54436e+17 -1.84949e+16
-1.54436e+17 -1.84949e+16 -1.43195e+17 -1.82203e+16
-1.43195e+17 -1.82203e+16 -1.05442e+17 -1.674e+16
-1.05442e+17 -1.674e+16 -9.95033e+16 -1.6436e+16
-9.95033e+16 -1.6436e+16 -7.34238e+16 -1.47354e+16
-7.34238e+16 -1.47354e+16 -4.37196e+16 -1.25008e+16
-4.37196e+16 -1.25008e+16 -4.07812e+16 -1.09306e+16
-4.07812e+16 -1.09306e+16 -3.42408e+16 -8.76853e+15
-3.42408e+16 -8.76853e+15 -2.47534e+16 -7.49543e+15
-2.47534e+16 -7.49543e+15 -1.80581e+16 -5.30543e+15
-1.80581e+16 -5.30543e+15 -1.55248e+16 -4.18097e+15
-1.55248e+16 -4.18097e+15 -8.46323e+15 -3.64233e+15
-8.46323e+15 -3.64233e+15 -5.83264e+15 -2.46187e+15
-5.83264e+15 -2.46187e+15 -4.14202e+15 -1.94951e+15
-4.14202e+15 -1.94951e+15 -3.10949e+15 -1.39985e+15
-3.10949e+15 -1.39985e+15 -2.0762e+15 -9.81471e+14
-2.0762e+15 -9.81471e+14 -1.46971e+15 -7.81501e+14
-1.46971e+15 -7.81501e+14 -9.61263e+14 -5.2876e+14
-9.61263e+14 -5.2876e+14 -6.81248e+14 -2.7616e+14
-6.81248e+14 -2.7616e+14 -4.73097e+14 -1.21579e+14
-4.73097e+14 -1.21579e+14 -2.21512e+14 -6.47237e+13
-2.21512e+14 -6.47237e+13 -1.18435e+14 -4.09147e+13
-1.18435e+14 -4.09147e+13 -9.42737e+13 -2.34885e+13
-9.42737e+13 -2.34885e+13 -3.64427e+13 -1.25888e+13
-3.64427e+13 -1.25888e+13 -1.95508e+13 -7.81165e+12
-1.95508e+13 -7.81165e+12 -1.46215e+13 -4.28008e+12
-1.46215e+13 -4.28008e+12 -6.34386e+12 -2.38576e+12
-6.34386e+12 -2.38576e+12 -3.81629e+12 -9.78281e+11
-3.81629e+12 -9.78281e+11 -2.4718e+12 -3.072e+11
-2.4718e+12 -3.072e+11 -8.50823e+11 -8.9097e+10
-8.50823e+11 -8.9097e+10 -4.57545e+11 -3.37352e+10
-4.57545e+11 -3.37352e+10 -3.49654e+11 -1.54946e+10
-3.49654e+11 -1.54946e+10 -1.22038e+11 -4.33658e+09
-1.22038e+11 -4.33658e+09 -5.99714e+10 -1.68498e+09
-5.99714e+10 -1.68498e+09 -4.5725e+10 -5.02282e+08
-4.5725e+10 -5.02282e+08 -1.22625e+10 -1.06523e+08
-1.22625e+10 -1.06523e+08 -5.36336e+09 -6.53803e+07
-5.36336e+09 -6.53803e+07 -3.03143e+09 -3.20181e+07
-3.03143e+09 -3.20181e+07 -2.65891e+08 -3.20113e+06
-2.65891e+08 -3.20113e+06 -1.41098e+08 -1.57853e+06
-1.41098e+08 -1.57853e+06 -8.82953e+07 -529053
-8.82953e+07 -529053 -4.73184e+07 -232609
-4.73184e+07 -232609 -6.09968e+06 -151825
-6.09968e+06 -151825 -2.17877e+06 -31784.7
-2.17877e+06 -31784.7 -921079 -8559.04
-921079 -8559.04 -932182 -4983.47
-932182 -4983.47 -519525 -5628.51
-519525 -5628.51 -465874 -1688.08
-465874 -1688.08 -432337 -1092.35
-432337 -1092.35 -379518 -839.83
-379518 -839.83 -252955 -498.177
-252955 -498.177 -255558 -344.363
-255558 -344.363 -226631 -362.63
-226631 -362.63 -105621 -161.139
-105621 -161.139 -76081 -249.333
-76081 -249.333 -67491.7 -85.9556
-67491.7 -85.9556 -8383.84 -27.7281
-8383.84 -27.7281 -3915.41 -17.365
-3915.41 -17.365 -3772.29 -9.79853
-3772.29 -9.79853 -197.871 -3.6516
-197.871 -3.6516 -40.6029 -3.54329
-40.6029 -3.54329 -46.7332 -1.84979
-46.7332 -1.84979 -16.2077 -0.203148
-16.2077 -0.203148 -6.58691 -0.281307
-6.58691 -0.281307 -4.23766 -0.326081
-4.23766 -0.326081 -8.46187 -0.880145
-8.46187 -0.880145 -6.15447e+291 -2.67221
-6.15447e+291 -2.67221 -762.003 0.0168209
